#
# SF :: VERSION 03-11-2023
#
# Precision of the code =  64-bit
#
# DATE = 2025-01-19     TIME = 11:43:02
#
# Atom name C_1_minus was read from command line
#
# DBSR_HF .data file name ../DBSR_HF_001/C_1_minus/C_1_minus.data was read from command line
#
# DBSR_HF .plot file name ../DBSR_HF_001/C_1_minus/C_1_minus.plot was read from command line
#
# DBSR_HF .conf file name ../DBSR_HF_001/C_1_minus/C_1_minus.conf was read from command line
#
# DBSR_HF .log  file name ../DBSR_HF_001/C_1_minus/C_1_minus.log was read from command line
#
# ###############################################################################
#
# Reading input file sf.inp
#
# INPUT FILE SAYS THAT THIS IS AN ION 
#    - neutral atom : C
#    - ion name     : C(1-)
#
# Number of FIT 1 parameters =    9
# Initial guess 1 =    0.100   0.100   0.100   0.100   0.100   0.100   0.100   0.100   0.000
#
# FIT 1 parameter map : 
#   parameter #  1, preopt? = 1, type = a, set number =  1
#   parameter #  2, preopt? = 1, type = b, set number =  1
#   parameter #  3, preopt? = 1, type = a, set number =  2
#   parameter #  4, preopt? = 1, type = b, set number =  2
#   parameter #  5, preopt? = 1, type = a, set number =  3
#   parameter #  6, preopt? = 1, type = b, set number =  3
#   parameter #  7, preopt? = 1, type = a, set number =  4
#   parameter #  8, preopt? = 1, type = b, set number =  4
#   parameter #  9, preopt? = 0, type = c
#
# Verbosity level =    0
#
# CALCULATIONS : 
#   - Determine Mean Atom Radii              = T
#   - Determine Maxima in Subshells          = T
#   - Main Calculation of Scattering Factors = T
#   - Fit1 ( low  sin[theta]/lambda )        = F
#   - Fit2 ( high sin[theta]/lambda )        = F
#
# SIN(THETA)/LAMBDA grid for RANGE 1 ( min, max, step ) =       0.0000      8.0000      0.0100
#
# SIN(THETA)/LAMBDA grid for RANGE 2 ( min, max, step ) =       2.0000      6.0000      0.1000
#
# Integrator = DQAG    ( INT_METHOD =  2 )
#
#   DQAG :: EPSABS =     1.0000E-14, EPSREL =     1.0000E-16, KEY =  6
#
# Upper integration limit (B) is defined when R falls below   1.0000E-50
#
# The list of selected fitting methods/subroutines :
#    N.  METHOD    FIT 1     FIT 2
#    --  ------    -----     -----
#     1  DMNHB
#     2  DMNGB
#     3  DMNFB
#     4  LMDER1
#     5  LMDIF1
#     6  NL2SOL
#     7  NL2SNO
#     8  OPTIF9
#     9  LBFGSB
#    10  CGFAM
#    11  SIMANN
#
# Parameter bounds (if applicable) :   -3.0000E+02 ...   3.0000E+02
#
# -------------------------------------------------------------------------------
#
# Atomic number =    6
#
# -------------------------------------------------------------------------------
#
# Generating sin(theta)/lambda grid for RANGE 1 : 
#
#      0.000 <= sin(theta)/lambda <=    8.000,  step =    0.010
#
# Number of sin(theta)/lambda grid points =        801
#
# -------------------------------------------------------------------------------
#
# Reading electron configuration file ../DBSR_HF_001/C_1_minus/C_1_minus.conf
#
# Number of core subshells  =    1
# Number of peel subshells  =    3
# Total number of subshells =    4
#
# Number of configurations  =    3
#
# Weights of configurations : 
#   configuration #   1, weight =        0.2000000000000
#   configuration #   2, weight =        0.6000000000000
#   configuration #   3, weight =        0.2000000000000
#
# Sum of configuration weights read     =      1.0000000000000
#                          renormaziled =      1.0000000000000
#
# Subshells : 
#   subshell #   1, core = 1, label = 1s    , l = 0, population =  2.0
#   subshell #   2, core = 0, label = 2s    , l = 0
#   subshell #   3, core = 0, label = 2p-   , l = 1
#   subshell #   4, core = 0, label = 2p    , l = 1
#
# Configurations :
#   config.  #   1 <<<  2s ( 2)  2p-( 2)  2p ( 1)  >>>, weight =   0.20000000
#   config.  #   2 <<<  2s ( 2)  2p-( 1)  2p ( 2)  >>>, weight =   0.60000000
#   config.  #   3 <<<  2s ( 2)  2p ( 3)  >>>, weight =   0.20000000
#
# Final list of DBSR_HF subshells :
#   subshell #   1, core = 1, label = 1s    , l = 0, population =      2.0000000000000
#   subshell #   2, core = 0, label = 2s    , l = 0, population =      2.0000000000000
#   subshell #   3, core = 0, label = 2p-   , l = 1, population =      1.0000000000000
#   subshell #   4, core = 0, label = 2p    , l = 1, population =      2.0000000000000
#
# Total electron count =       7.0000
#
# WARNING! Z (    6 ) != Total electron count (     7.0000000000 ) 
#
#
# -------------------------------------------------------------------------------
#
# Reading DBSR_HF logile file ../DBSR_HF_001/C_1_minus/C_1_minus.log
#
# Total energy =       -37.658825894449
#
#  N.   Label            Energy                   <r>
#   1   1s            -11.0092684100         0.268310920404
#   2   2s             -0.4032042100         1.670338890754
#   3   2p-            -0.0478597800         2.293146174297
#   4   2p             -0.0475817400         2.296304666510
#
# -------------------------------------------------------------------------------
#
# List of orbitals in non-relativistic notation : 
#    1  1s    2.00
#    2  2s    2.00
#    3  2p    3.00
#
# Searching for a noble gas core 
#
# Found [He] core
#
# Electronic configuration: [He] 2s(2) 2p(3)
#
# ===============================================================================
#
# Reading grid file ../DBSR_HF_001/C_1_minus/C_1_minus.plot
#    Number of grid points =       3565
#    Number of functions   =          8
#
# Function names in the grid file : 
#   1: p1s        2: q1s        3: p2s        4: q2s        5: p2p-    
#   6: q2p-       7: p2p        8: q2p     
#
# ===============================================================================
#
# Reading DBSR_HF .data file ../DBSR_HF_001/C_1_minus/C_1_minus.data
#
# nbf, nwf, nv, ns, ks, nsp, ksp, nsq, ksq =      4     4   396   404     9   403     8   404     9
# -------------------------------------------------------------------------------
# Reading B-spline data for AO #    1, label = 1s   
#   this AO matches AO #    1 in .conf file
# -------------------------------------------------------------------------------
# Reading B-spline data for AO #    2, label = 2s   
#   this AO matches AO #    2 in .conf file
# -------------------------------------------------------------------------------
# Reading B-spline data for AO #    3, label = 2p-  
#   this AO matches AO #    3 in .conf file
# -------------------------------------------------------------------------------
# Reading B-spline data for AO #    4, label = 2p   
#   this AO matches AO #    4 in .conf file
# -------------------------------------------------------------------------------
#
# ###############################################################################
#
# Numerical integration limits :         0.0000000000       50.2657172220
#
# ###############################################################################
#
# Verifying our B-spline calculation vs DBSR_HF values in file ../DBSR_HF_001/C_1_minus/C_1_minus.plot
#
# DBG1    #  Func.     max.diff.       r        ( # )    max.diff.%     r       ( # )
# DBG1    1  p1s     -1.1102E-15    1.7480E-01  2093      -1.5E-11  1.6605E+01  2958  
# DBG1    2  q1s     -2.7756E-17    1.2676E-01  2033      -1.7E-11  1.6605E+01  2958  
# DBG1    3  p2s      5.5511E-16    1.7057E+00  2514       1.2E-10  3.4233E+01  3275  
# DBG1    4  q2s     -6.9389E-18    1.4267E-01  2056       1.4E-10  3.4233E+01  3275  
# DBG1    5  p2p-    -4.4409E-16    1.1162E+00  2435       6.7E-11  5.0233E+01  3563  
# DBG1    6  q2p-     5.2042E-18    2.1976E-01  2136       8.5E-11  5.0233E+01  3563  
# DBG1    7  p2p      4.4409E-16    8.8766E-01  2392       6.7E-11  5.0233E+01  3563  
# DBG1    8  q2p      2.1684E-18    3.9248E-01  2243       1.4E-10  4.9105E+01  3543  
#
# ###############################################################################
#
# Verifying our integration of <r> vs DBSR_HF values in file ../DBSR_HF_001/C_1_minus/C_1_minus.log
#
# DBG2    N.  Label            <r>              <r> DBSR_HF    difference     diff.%
# DBG2    1   1s          0.268310920404      0.268310920404    3.17E-13     1.2E-10
# DBG2    2   2s          1.670338890754      1.670338890754    5.77E-15     3.5E-13
# DBG2    3   2p-         2.293146174297      2.293146174297    3.15E-14     1.4E-12
# DBG2    4   2p          2.296304666511      2.296304666510    6.97E-13     3.0E-11
#
# ###############################################################################
#
# Calculating Mean Atom Radii : 
# ( see At.Data.Nucl.Tables (2017) 117-118, 439, Table 7 )
#
#   Atom mean           radius =       1.537579 atomic units
#   Atom mean spherical radius =       2.056473 atomic units
#
# & C_1_       1.538       2.056
#
# ###############################################################################
#
# Calculating Subshells Charge Density Maxima : 
# ( see At.Data.Nucl.Tables (2017) 117-118, 439, Table 4 )
#
# -------------------------------------------------------------------------------
# 
# Subshell 1s = 1s : 
#   Initial guess for rmax =     0.17480291
#   Neighboring points     =     0.17342046 (left) and     0.17618536 (right)
#   Newton-Raphson step    0, r =       0.17480291
#     1st derivative =   -1.074E-01,  2nd derivative =   -1.856E+02
#   Newton-Raphson step    1, r =       0.17422421
#     1st derivative =    3.703E-04,  2nd derivative =   -1.868E+02
#   Newton-Raphson step    2, r =       0.17422619
#     1st derivative =    4.332E-09,  2nd derivative =   -1.868E+02
#   Convergence on 1st derivative reached...
#   Radius of maximum charge density =       0.174226 atomic units
#
# -------------------------------------------------------------------------------
# 
# Subshell 2s = 2s : 
#   Initial guess for rmax =     1.24034294
#   Neighboring points     =     1.23061051 (left) and     1.24902079 (right)
#   Newton-Raphson step    0, r =       1.24034294
#     1st derivative =   -2.717E-03,  2nd derivative =   -1.889E+00
#   Newton-Raphson step    1, r =       1.23890446
#     1st derivative =    5.008E-06,  2nd derivative =   -1.896E+00
#   Newton-Raphson step    2, r =       1.23890710
#     1st derivative =    1.686E-11,  2nd derivative =   -1.896E+00
#   Convergence on 1st derivative reached...
#   Radius of maximum charge density =       1.238907 atomic units
#
# -------------------------------------------------------------------------------
# 
# Subshell 2p- = 2p1/2 : 
#   Initial guess for rmax =     1.32471030
#   Neighboring points     =     1.32265322 (left) and     1.32908264 (right)
#   Newton-Raphson step    0, r =       1.32471030
#     1st derivative =    1.351E-04,  2nd derivative =   -5.575E-01
#   Newton-Raphson step    1, r =       1.32495258
#     1st derivative =    3.436E-08,  2nd derivative =   -5.572E-01
#   Newton-Raphson step    2, r =       1.32495264
#     1st derivative =    2.182E-15,  2nd derivative =   -5.572E-01
#   Convergence on 1st derivative reached...
#   Radius of maximum charge density =       1.324953 atomic units
#
# -------------------------------------------------------------------------------
# 
# Subshell 2p = 2p3/2 : 
#   Initial guess for rmax =     1.32471030
#   Neighboring points     =     1.32265322 (left) and     1.32908264 (right)
#   Newton-Raphson step    0, r =       1.32471030
#     1st derivative =    6.911E-04,  2nd derivative =   -5.524E-01
#   Newton-Raphson step    1, r =       1.32596148
#     1st derivative =    9.055E-07,  2nd derivative =   -5.509E-01
#   Newton-Raphson step    2, r =       1.32596312
#     1st derivative =    1.563E-12,  2nd derivative =   -5.509E-01
#   Convergence on 1st derivative reached...
#   Radius of maximum charge density =       1.325963 atomic units
#
# ===============================================================================
#
# Radii of maximum charge density for each subshell (atomic units) :
#
# @ C_1_      1s      2s   2p1/2   2p3/2
# @ C_1_   0.174   1.239   1.325   1.326
#
# ###############################################################################
#
# Calculating Scattering Factors (SF) in RANGE 1 : 
#
#                                       ------- PRECISION --------
#     STL     SCATTERING FACTOR         ESTIMATED        REQUESTED
    0.00        7.0000000000            8.70E-14         1.00E-13
    0.01        6.9782863887            8.59E-14         1.00E-13
    0.02        6.9143661596            8.56E-14         1.00E-13
    0.03        6.8116764642            8.38E-14         1.00E-13
    0.04        6.6752840976            8.21E-14         1.00E-13
    0.05        6.5111423869            8.15E-14         1.00E-13
    0.06        6.3254008580            7.86E-14         1.00E-13
    0.07        6.1238938910            7.66E-14         1.00E-13
    0.08        5.9118374911            7.46E-14         1.00E-13
    0.09        5.6937000462            7.21E-14         1.00E-13
    0.10        5.4731909877            7.01E-14         1.00E-13
    0.11        5.2533158278            6.84E-14         1.00E-13
    0.12        5.0364605555            6.62E-14         1.00E-13
    0.13        4.8244828664            6.44E-14         1.00E-13
    0.14        4.6187984664            6.20E-14         1.00E-13
    0.15        4.4204574717            5.92E-14         1.00E-13
    0.16        4.2302096803            5.78E-14         1.00E-13
    0.17        4.0485593171            5.68E-14         1.00E-13
    0.18        3.8758105649            5.45E-14         1.00E-13
    0.19        3.7121053429            5.30E-14         1.00E-13
    0.20        3.5574546834            5.24E-14         1.00E-13
    0.21        3.4117648541            5.07E-14         1.00E-13
    0.22        3.2748591662            4.92E-14         1.00E-13
    0.23        3.1464962172            4.84E-14         1.00E-13
    0.24        3.0263851680            4.77E-14         1.00E-13
    0.25        2.9141985300            4.64E-14         1.00E-13
    0.26        2.8095828487            4.60E-14         1.00E-13
    0.27        2.7121675984            4.51E-14         1.00E-13
    0.28        2.6215725490            4.45E-14         1.00E-13
    0.29        2.5374138245            4.34E-14         1.00E-13
    0.30        2.4593088420            4.27E-14         1.00E-13
    0.31        2.3868802899            4.18E-14         1.00E-13
    0.32        2.3197592877            4.19E-14         1.00E-13
    0.33        2.2575878460            4.16E-14         1.00E-13
    0.34        2.2000207356            4.03E-14         1.00E-13
    0.35        2.1467268547            3.99E-14         1.00E-13
    0.36        2.0973901781            3.94E-14         1.00E-13
    0.37        2.0517103554            3.92E-14         1.00E-13
    0.38        2.0094030211            3.92E-14         1.00E-13
    0.39        1.9701998679            3.82E-14         1.00E-13
    0.40        1.9338485277            3.77E-14         1.00E-13
    0.41        1.9001123006            3.78E-14         1.00E-13
    0.42        1.8687697634            3.78E-14         1.00E-13
    0.43        1.8396142858            3.71E-14         1.00E-13
    0.44        1.8124534778            3.68E-14         1.00E-13
    0.45        1.7871085886            3.61E-14         1.00E-13
    0.46        1.7634138720            3.66E-14         1.00E-13
    0.47        1.7412159335            3.55E-14         1.00E-13
    0.48        1.7203730685            3.52E-14         1.00E-13
    0.49        1.7007546021            3.53E-14         1.00E-13
    0.50        1.6822402365            3.53E-14         1.00E-13
    0.51        1.6647194118            3.49E-14         1.00E-13
    0.52        1.6480906854            3.48E-14         1.00E-13
    0.53        1.6322611326            3.62E-14         1.00E-13
    0.54        1.6171457704            4.25E-14         1.00E-13
    0.55        1.6026670070            3.89E-14         1.00E-13
    0.56        1.5887541180            5.88E-14         1.00E-13
    0.57        1.5753427486            3.34E-14         1.00E-13
    0.58        1.5623744436            3.26E-14         1.00E-13
    0.59        1.5497962037            7.86E-14         1.00E-13
    0.60        1.5375600689            3.23E-14         1.00E-13
    0.61        1.5256227260            3.27E-14         1.00E-13
    0.62        1.5139451429            3.21E-14         1.00E-13
    0.63        1.5024922254            3.21E-14         1.00E-13
    0.64        1.4912324974            3.17E-14         1.00E-13
    0.65        1.4801378034            3.14E-14         1.00E-13
    0.66        1.4691830307            3.15E-14         1.00E-13
    0.67        1.4583458526            3.12E-14         1.00E-13
    0.68        1.4476064892            3.09E-14         1.00E-13
    0.69        1.4369474860            3.06E-14         1.00E-13
    0.70        1.4263535096            3.04E-14         1.00E-13
    0.71        1.4158111577            3.03E-14         1.00E-13
    0.72        1.4053087845            3.03E-14         1.00E-13
    0.73        1.3948363394            3.01E-14         1.00E-13
    0.74        1.3843852179            3.00E-14         1.00E-13
    0.75        1.3739481252            2.95E-14         1.00E-13
    0.76        1.3635189495            2.94E-14         1.00E-13
    0.77        1.3530926463            2.94E-14         1.00E-13
    0.78        1.3426651326            2.92E-14         1.00E-13
    0.79        1.3322331882            2.91E-14         1.00E-13
    0.80        1.3217943672            2.88E-14         1.00E-13
    0.81        1.3113469152            2.85E-14         1.00E-13
    0.82        1.3008896948            2.84E-14         1.00E-13
    0.83        1.2904221167            2.81E-14         1.00E-13
    0.84        1.2799440769            2.84E-14         1.00E-13
    0.85        1.2694559001            2.81E-14         1.00E-13
    0.86        1.2589582867            2.78E-14         1.00E-13
    0.87        1.2484522659            2.75E-14         1.00E-13
    0.88        1.2379391524            2.82E-14         1.00E-13
    0.89        1.2274205071            2.89E-14         1.00E-13
    0.90        1.2168981013            3.13E-14         1.00E-13
    0.91        1.2063738847            2.72E-14         1.00E-13
    0.92        1.1958499559            4.50E-14         1.00E-13
    0.93        1.1853285362            5.40E-14         1.00E-13
    0.94        1.1748119459            4.29E-14         1.00E-13
    0.95        1.1643025822            2.65E-14         1.00E-13
    0.96        1.1538029007            2.64E-14         1.00E-13
    0.97        1.1433153975            2.58E-14         1.00E-13
    0.98        1.1328425943            2.66E-14         1.00E-13
    0.99        1.1223870237            2.60E-14         1.00E-13
    1.00        1.1119512177            2.63E-14         1.00E-13
    1.01        1.1015376966            2.87E-14         1.00E-13
    1.02        1.0911489589            2.71E-14         1.00E-13
    1.03        1.0807874734            2.92E-14         1.00E-13
    1.04        1.0704556712            4.16E-14         1.00E-13
    1.05        1.0601559397            2.90E-14         1.00E-13
    1.06        1.0498906166            6.10E-14         1.00E-13
    1.07        1.0396619852            2.52E-14         1.00E-13
    1.08        1.0294722705            2.51E-14         1.00E-13
    1.09        1.0193236351            2.46E-14         1.00E-13
    1.10        1.0092181771            2.45E-14         1.00E-13
    1.11        0.9991579271            2.49E-14         1.00E-13
    1.12        0.9891448469            2.52E-14         1.00E-13
    1.13        0.9791808274            2.52E-14         1.00E-13
    1.14        0.9692676881            2.39E-14         1.00E-13
    1.15        0.9594071763            2.43E-14         1.00E-13
    1.16        0.9496009664            2.37E-14         1.00E-13
    1.17        0.9398506602            2.44E-14         1.00E-13
    1.18        0.9301577867            2.77E-14         1.00E-13
    1.19        0.9205238027            3.24E-14         1.00E-13
    1.20        0.9109500932            4.01E-14         1.00E-13
    1.21        0.9014379721            5.02E-14         1.00E-13
    1.22        0.8919886834            6.12E-14         1.00E-13
    1.23        0.8826034018            7.20E-14         1.00E-13
    1.24        0.8732832340            7.52E-14         1.00E-13
    1.25        0.8640292202            6.75E-14         1.00E-13
    1.26        0.8548423347            4.33E-14         1.00E-13
    1.27        0.8457234882            2.63E-14         1.00E-13
    1.28        0.8366735285            9.34E-14         1.00E-13
    1.29        0.8276932423            2.30E-14         1.00E-13
    1.30        0.8187833569            2.26E-14         1.00E-13
    1.31        0.8099445414            2.22E-14         1.00E-13
    1.32        0.8011774084            2.24E-14         1.00E-13
    1.33        0.7924825160            2.23E-14         1.00E-13
    1.34        0.7838603688            2.22E-14         1.00E-13
    1.35        0.7753114199            2.24E-14         1.00E-13
    1.36        0.7668360725            2.21E-14         1.00E-13
    1.37        0.7584346813            2.20E-14         1.00E-13
    1.38        0.7501075545            2.18E-14         1.00E-13
    1.39        0.7418549548            2.18E-14         1.00E-13
    1.40        0.7336771015            2.15E-14         1.00E-13
    1.41        0.7255741720            2.19E-14         1.00E-13
    1.42        0.7175463031            2.16E-14         1.00E-13
    1.43        0.7095935924            2.15E-14         1.00E-13
    1.44        0.7017161002            2.18E-14         1.00E-13
    1.45        0.6939138510            2.16E-14         1.00E-13
    1.46        0.6861868342            2.11E-14         1.00E-13
    1.47        0.6785350063            2.14E-14         1.00E-13
    1.48        0.6709582919            2.12E-14         1.00E-13
    1.49        0.6634565852            2.10E-14         1.00E-13
    1.50        0.6560297510            2.15E-14         1.00E-13
    1.51        0.6486776262            2.13E-14         1.00E-13
    1.52        0.6414000214            2.09E-14         1.00E-13
    1.53        0.6341967212            2.10E-14         1.00E-13
    1.54        0.6270674864            2.08E-14         1.00E-13
    1.55        0.6200120542            2.11E-14         1.00E-13
    1.56        0.6130301403            2.08E-14         1.00E-13
    1.57        0.6061214391            2.06E-14         1.00E-13
    1.58        0.5992856252            2.06E-14         1.00E-13
    1.59        0.5925223543            2.04E-14         1.00E-13
    1.60        0.5858312644            2.00E-14         1.00E-13
    1.61        0.5792119763            2.04E-14         1.00E-13
    1.62        0.5726640951            2.09E-14         1.00E-13
    1.63        0.5661872104            2.10E-14         1.00E-13
    1.64        0.5597808980            2.07E-14         1.00E-13
    1.65        0.5534447201            2.01E-14         1.00E-13
    1.66        0.5471782262            2.19E-14         1.00E-13
    1.67        0.5409809541            2.53E-14         1.00E-13
    1.68        0.5348524306            2.78E-14         1.00E-13
    1.69        0.5287921722            2.63E-14         1.00E-13
    1.70        0.5227996855            2.10E-14         1.00E-13
    1.71        0.5168744684            2.96E-14         1.00E-13
    1.72        0.5110160105            5.64E-14         1.00E-13
    1.73        0.5052237936            8.55E-14         1.00E-13
    1.74        0.4994972926            8.53E-14         1.00E-13
    1.75        0.4938359756            3.86E-14         1.00E-13
    1.76        0.4882393051            9.70E-15         1.00E-14
    1.77        0.4827067381            9.81E-15         1.00E-14
    1.78        0.4772377266            2.05E-14         1.00E-13
    1.79        0.4718317184            2.88E-14         1.00E-13
    1.80        0.4664881572            9.94E-15         1.00E-14
    1.81        0.4612064834            9.64E-15         1.00E-14
    1.82        0.4559861342            9.67E-15         1.00E-14
    1.83        0.4508265446            9.14E-15         1.00E-14
    1.84        0.4457271468            2.22E-14         1.00E-13
    1.85        0.4406873717            9.68E-15         1.00E-14
    1.86        0.4357066485            9.20E-15         1.00E-14
    1.87        0.4307844053            2.07E-14         1.00E-13
    1.88        0.4259200695            9.57E-15         1.00E-14
    1.89        0.4211130682            9.48E-15         1.00E-14
    1.90        0.4163628280            9.45E-15         1.00E-14
    1.91        0.4116687759            9.43E-15         1.00E-14
    1.92        0.4070303394            9.07E-15         1.00E-14
    1.93        0.4024469465            9.43E-15         1.00E-14
    1.94        0.3979180262            9.08E-15         1.00E-14
    1.95        0.3934430089            9.45E-15         1.00E-14
    1.96        0.3890213261            9.71E-15         1.00E-14
    1.97        0.3846524111            8.77E-15         1.00E-14
    1.98        0.3803356990            4.53E-14         1.00E-13
    1.99        0.3760706271            8.83E-15         1.00E-14
    2.00        0.3718566346            9.42E-15         1.00E-14
    2.01        0.3676931633            9.84E-15         1.00E-14
    2.02        0.3635796576            9.97E-15         1.00E-14
    2.03        0.3595155646            9.77E-15         1.00E-14
    2.04        0.3555003340            9.35E-15         1.00E-14
    2.05        0.3515334190            9.54E-15         1.00E-14
    2.06        0.3476142754            9.70E-15         1.00E-14
    2.07        0.3437423627            9.00E-15         1.00E-14
    2.08        0.3399171434            9.66E-15         1.00E-14
    2.09        0.3361380838            9.80E-15         1.00E-14
    2.10        0.3324046537            9.06E-15         1.00E-14
    2.11        0.3287163263            9.13E-15         1.00E-14
    2.12        0.3250725790            9.26E-15         1.00E-14
    2.13        0.3214728928            9.15E-15         1.00E-14
    2.14        0.3179167526            9.30E-15         1.00E-14
    2.15        0.3144036474            9.78E-15         1.00E-14
    2.16        0.3109330702            9.08E-15         1.00E-14
    2.17        0.3075045182            9.09E-15         1.00E-14
    2.18        0.3041174925            9.41E-15         1.00E-14
    2.19        0.3007714989            9.13E-15         1.00E-14
    2.20        0.2974660470            9.05E-15         1.00E-14
    2.21        0.2942006510            9.11E-15         1.00E-14
    2.22        0.2909748293            9.55E-15         1.00E-14
    2.23        0.2877881047            9.18E-15         1.00E-14
    2.24        0.2846400045            9.39E-15         1.00E-14
    2.25        0.2815300603            8.59E-15         1.00E-14
    2.26        0.2784578083            8.97E-15         1.00E-14
    2.27        0.2754227890            9.61E-15         1.00E-14
    2.28        0.2724245474            8.61E-15         1.00E-14
    2.29        0.2694626333            8.68E-15         1.00E-14
    2.30        0.2665366005            8.40E-15         1.00E-14
    2.31        0.2636460077            8.60E-15         1.00E-14
    2.32        0.2607904180            8.94E-15         1.00E-14
    2.33        0.2579693991            9.71E-15         1.00E-14
    2.34        0.2551825229            8.52E-15         1.00E-14
    2.35        0.2524293661            8.29E-15         1.00E-14
    2.36        0.2497095100            8.48E-15         1.00E-14
    2.37        0.2470225400            8.05E-15         1.00E-14
    2.38        0.2443680463            8.50E-15         1.00E-14
    2.39        0.2417456235            8.45E-15         1.00E-14
    2.40        0.2391548707            8.42E-15         1.00E-14
    2.41        0.2365953912            8.23E-15         1.00E-14
    2.42        0.2340667931            8.52E-15         1.00E-14
    2.43        0.2315686886            8.52E-15         1.00E-14
    2.44        0.2291006945            8.41E-15         1.00E-14
    2.45        0.2266624317            8.61E-15         1.00E-14
    2.46        0.2242535258            8.85E-15         1.00E-14
    2.47        0.2218736064            8.83E-15         1.00E-14
    2.48        0.2195223076            9.13E-15         1.00E-14
    2.49        0.2171992677            9.30E-15         1.00E-14
    2.50        0.2149041292            9.92E-15         1.00E-14
    2.51        0.2126365388            7.88E-15         1.00E-14
    2.52        0.2103961476            9.95E-15         1.00E-14
    2.53        0.2081826105            7.80E-15         1.00E-14
    2.54        0.2059955869            7.89E-15         1.00E-14
    2.55        0.2038347399            7.72E-15         1.00E-14
    2.56        0.2016997371            7.71E-15         1.00E-14
    2.57        0.1995902498            7.64E-15         1.00E-14
    2.58        0.1975059533            7.76E-15         1.00E-14
    2.59        0.1954465272            7.70E-15         1.00E-14
    2.60        0.1934116546            9.90E-15         1.00E-14
    2.61        0.1914010228            9.52E-15         1.00E-14
    2.62        0.1894143229            9.76E-15         1.00E-14
    2.63        0.1874512496            9.87E-15         1.00E-14
    2.64        0.1855115018            9.42E-15         1.00E-14
    2.65        0.1835947819            9.73E-15         1.00E-14
    2.66        0.1817007960            9.89E-15         1.00E-14
    2.67        0.1798292539            9.63E-15         1.00E-14
    2.68        0.1779798692            9.62E-15         1.00E-14
    2.69        0.1761523590            9.50E-15         1.00E-14
    2.70        0.1743464440            9.70E-15         1.00E-14
    2.71        0.1725618484            9.84E-15         1.00E-14
    2.72        0.1707983000            9.59E-15         1.00E-14
    2.73        0.1690555300            9.37E-15         1.00E-14
    2.74        0.1673332730            9.73E-15         1.00E-14
    2.75        0.1656312670            9.54E-15         1.00E-14
    2.76        0.1639492535            9.32E-15         1.00E-14
    2.77        0.1622869772            9.53E-15         1.00E-14
    2.78        0.1606441861            9.25E-15         1.00E-14
    2.79        0.1590206315            9.17E-15         1.00E-14
    2.80        0.1574160679            9.14E-15         1.00E-14
    2.81        0.1558302528            9.04E-15         1.00E-14
    2.82        0.1542629472            9.17E-15         1.00E-14
    2.83        0.1527139148            9.17E-15         1.00E-14
    2.84        0.1511829228            9.38E-15         1.00E-14
    2.85        0.1496697411            9.18E-15         1.00E-14
    2.86        0.1481741428            9.05E-15         1.00E-14
    2.87        0.1466959037            9.23E-15         1.00E-14
    2.88        0.1452348029            9.27E-15         1.00E-14
    2.89        0.1437906222            9.23E-15         1.00E-14
    2.90        0.1423631462            9.03E-15         1.00E-14
    2.91        0.1409521623            9.13E-15         1.00E-14
    2.92        0.1395574610            8.91E-15         1.00E-14
    2.93        0.1381788353            9.00E-15         1.00E-14
    2.94        0.1368160809            9.07E-15         1.00E-14
    2.95        0.1354689963            8.71E-15         1.00E-14
    2.96        0.1341373826            8.73E-15         1.00E-14
    2.97        0.1328210437            8.90E-15         1.00E-14
    2.98        0.1315197857            8.83E-15         1.00E-14
    2.99        0.1302334177            8.80E-15         1.00E-14
    3.00        0.1289617511            8.71E-15         1.00E-14
    3.01        0.1277045998            8.68E-15         1.00E-14
    3.02        0.1264617802            8.49E-15         1.00E-14
    3.03        0.1252331112            8.42E-15         1.00E-14
    3.04        0.1240184140            8.29E-15         1.00E-14
    3.05        0.1228175121            8.24E-15         1.00E-14
    3.06        0.1216302316            8.35E-15         1.00E-14
    3.07        0.1204564007            8.38E-15         1.00E-14
    3.08        0.1192958500            8.58E-15         1.00E-14
    3.09        0.1181484123            8.50E-15         1.00E-14
    3.10        0.1170139225            8.33E-15         1.00E-14
    3.11        0.1158922180            8.51E-15         1.00E-14
    3.12        0.1147831380            8.35E-15         1.00E-14
    3.13        0.1136865242            8.29E-15         1.00E-14
    3.14        0.1126022201            8.34E-15         1.00E-14
    3.15        0.1115300716            8.52E-15         1.00E-14
    3.16        0.1104699262            8.87E-15         1.00E-14
    3.17        0.1094216339            9.44E-15         1.00E-14
    3.18        0.1083850464            8.41E-15         1.00E-14
    3.19        0.1073600176            8.46E-15         1.00E-14
    3.20        0.1063464031            8.28E-15         1.00E-14
    3.21        0.1053440605            8.28E-15         1.00E-14
    3.22        0.1043528495            9.54E-15         1.00E-14
    3.23        0.1033726315            9.12E-15         1.00E-14
    3.24        0.1024032696            8.94E-15         1.00E-14
    3.25        0.1014446290            9.12E-15         1.00E-14
    3.26        0.1004965766            9.00E-15         1.00E-14
    3.27        0.0995589810            8.41E-15         1.00E-14
    3.28        0.0986317125            8.75E-15         1.00E-14
    3.29        0.0977146435            9.27E-15         1.00E-14
    3.30        0.0968076475            8.48E-15         1.00E-14
    3.31        0.0959106003            8.53E-15         1.00E-14
    3.32        0.0950233788            8.36E-15         1.00E-14
    3.33        0.0941458620            8.52E-15         1.00E-14
    3.34        0.0932779302            9.78E-15         1.00E-14
    3.35        0.0924194654            8.91E-15         1.00E-14
    3.36        0.0915703513            8.16E-15         1.00E-14
    3.37        0.0907304728            7.91E-15         1.00E-14
    3.38        0.0898997167            8.48E-15         1.00E-14
    3.39        0.0890779711            9.26E-15         1.00E-14
    3.40        0.0882651257            9.46E-15         1.00E-14
    3.41        0.0874610714            8.50E-15         1.00E-14
    3.42        0.0866657009            8.29E-15         1.00E-14
    3.43        0.0858789081            7.37E-15         1.00E-14
    3.44        0.0851005884            7.97E-15         1.00E-14
    3.45        0.0843306385            8.15E-15         1.00E-14
    3.46        0.0835689566            7.86E-15         1.00E-14
    3.47        0.0828154421            8.47E-15         1.00E-14
    3.48        0.0820699958            8.68E-15         1.00E-14
    3.49        0.0813325199            7.95E-15         1.00E-14
    3.50        0.0806029177            9.49E-15         1.00E-14
    3.51        0.0798810938            9.85E-15         1.00E-14
    3.52        0.0791669544            8.97E-15         1.00E-14
    3.53        0.0784604064            8.44E-15         1.00E-14
    3.54        0.0777613583            7.95E-15         1.00E-14
    3.55        0.0770697198            8.23E-15         1.00E-14
    3.56        0.0763854015            8.42E-15         1.00E-14
    3.57        0.0757083156            7.82E-15         1.00E-14
    3.58        0.0750383750            8.52E-15         1.00E-14
    3.59        0.0743754941            8.32E-15         1.00E-14
    3.60        0.0737195882            7.96E-15         1.00E-14
    3.61        0.0730705739            9.44E-15         1.00E-14
    3.62        0.0724283688            8.35E-15         1.00E-14
    3.63        0.0717928915            8.81E-15         1.00E-14
    3.64        0.0711640618            7.37E-15         1.00E-14
    3.65        0.0705418004            7.75E-15         1.00E-14
    3.66        0.0699260292            9.29E-15         1.00E-14
    3.67        0.0693166711            7.20E-15         1.00E-14
    3.68        0.0687136499            7.99E-15         1.00E-14
    3.69        0.0681168904            7.44E-15         1.00E-14
    3.70        0.0675263185            8.03E-15         1.00E-14
    3.71        0.0669418609            9.10E-15         1.00E-14
    3.72        0.0663634455            7.91E-15         1.00E-14
    3.73        0.0657910009            9.10E-15         1.00E-14
    3.74        0.0652244567            7.45E-15         1.00E-14
    3.75        0.0646637434            7.64E-15         1.00E-14
    3.76        0.0641087925            7.80E-15         1.00E-14
    3.77        0.0635595363            7.86E-15         1.00E-14
    3.78        0.0630159080            9.73E-15         1.00E-14
    3.79        0.0624778416            8.73E-15         1.00E-14
    3.80        0.0619452721            7.59E-15         1.00E-14
    3.81        0.0614181351            9.12E-15         1.00E-14
    3.82        0.0608963674            7.68E-15         1.00E-14
    3.83        0.0603799063            9.64E-15         1.00E-14
    3.84        0.0598686899            7.63E-15         1.00E-14
    3.85        0.0593626573            8.92E-15         1.00E-14
    3.86        0.0588617483            7.71E-15         1.00E-14
    3.87        0.0583659035            9.41E-15         1.00E-14
    3.88        0.0578750641            7.99E-15         1.00E-14
    3.89        0.0573891722            7.03E-15         1.00E-14
    3.90        0.0569081707            8.22E-15         1.00E-14
    3.91        0.0564320031            7.42E-15         1.00E-14
    3.92        0.0559606137            8.35E-15         1.00E-14
    3.93        0.0554939474            7.06E-15         1.00E-14
    3.94        0.0550319500            9.31E-15         1.00E-14
    3.95        0.0545745678            8.24E-15         1.00E-14
    3.96        0.0541217478            7.80E-15         1.00E-14
    3.97        0.0536734379            8.04E-15         1.00E-14
    3.98        0.0532295864            8.82E-15         1.00E-14
    3.99        0.0527901424            7.94E-15         1.00E-14
    4.00        0.0523550555            7.18E-15         1.00E-14
    4.01        0.0519242762            7.31E-15         1.00E-14
    4.02        0.0514977554            7.41E-15         1.00E-14
    4.03        0.0510754446            8.36E-15         1.00E-14
    4.04        0.0506572961            7.72E-15         1.00E-14
    4.05        0.0502432627            7.36E-15         1.00E-14
    4.06        0.0498332978            7.37E-15         1.00E-14
    4.07        0.0494273553            8.06E-15         1.00E-14
    4.08        0.0490253899            7.48E-15         1.00E-14
    4.09        0.0486273566            7.78E-15         1.00E-14
    4.10        0.0482332113            8.43E-15         1.00E-14
    4.11        0.0478429101            6.82E-15         1.00E-14
    4.12        0.0474564098            8.79E-15         1.00E-14
    4.13        0.0470736678            8.32E-15         1.00E-14
    4.14        0.0466946420            7.94E-15         1.00E-14
    4.15        0.0463192907            6.77E-15         1.00E-14
    4.16        0.0459475730            8.23E-15         1.00E-14
    4.17        0.0455794483            8.35E-15         1.00E-14
    4.18        0.0452148764            7.01E-15         1.00E-14
    4.19        0.0448538178            7.20E-15         1.00E-14
    4.20        0.0444962336            7.97E-15         1.00E-14
    4.21        0.0441420850            7.69E-15         1.00E-14
    4.22        0.0437913340            8.69E-15         1.00E-14
    4.23        0.0434439430            8.22E-15         1.00E-14
    4.24        0.0430998748            8.63E-15         1.00E-14
    4.25        0.0427590927            7.05E-15         1.00E-14
    4.26        0.0424215604            8.21E-15         1.00E-14
    4.27        0.0420872422            8.34E-15         1.00E-14
    4.28        0.0417561026            7.73E-15         1.00E-14
    4.29        0.0414281068            8.07E-15         1.00E-14
    4.30        0.0411032203            8.80E-15         1.00E-14
    4.31        0.0407814090            9.38E-15         1.00E-14
    4.32        0.0404626391            7.59E-15         1.00E-14
    4.33        0.0401468776            7.16E-15         1.00E-14
    4.34        0.0398340915            6.83E-15         1.00E-14
    4.35        0.0395242485            6.74E-15         1.00E-14
    4.36        0.0392173164            7.46E-15         1.00E-14
    4.37        0.0389132637            8.07E-15         1.00E-14
    4.38        0.0386120590            8.45E-15         1.00E-14
    4.39        0.0383136716            6.60E-15         1.00E-14
    4.40        0.0380180708            7.95E-15         1.00E-14
    4.41        0.0377252266            9.19E-15         1.00E-14
    4.42        0.0374351091            8.86E-15         1.00E-14
    4.43        0.0371476891            7.33E-15         1.00E-14
    4.44        0.0368629373            8.46E-15         1.00E-14
    4.45        0.0365808252            6.87E-15         1.00E-14
    4.46        0.0363013244            6.32E-15         1.00E-14
    4.47        0.0360244068            7.69E-15         1.00E-14
    4.48        0.0357500448            8.54E-15         1.00E-14
    4.49        0.0354782110            7.22E-15         1.00E-14
    4.50        0.0352088785            7.06E-15         1.00E-14
    4.51        0.0349420205            9.81E-15         1.00E-14
    4.52        0.0346776107            7.26E-15         1.00E-14
    4.53        0.0344156230            6.81E-15         1.00E-14
    4.54        0.0341560317            7.95E-15         1.00E-14
    4.55        0.0338988113            8.42E-15         1.00E-14
    4.56        0.0336439368            8.42E-15         1.00E-14
    4.57        0.0333913832            7.44E-15         1.00E-14
    4.58        0.0331411261            6.87E-15         1.00E-14
    4.59        0.0328931412            8.46E-15         1.00E-14
    4.60        0.0326474046            7.49E-15         1.00E-14
    4.61        0.0324038925            6.41E-15         1.00E-14
    4.62        0.0321625817            9.44E-15         1.00E-14
    4.63        0.0319234489            7.57E-15         1.00E-14
    4.64        0.0316864714            7.10E-15         1.00E-14
    4.65        0.0314516266            6.62E-15         1.00E-14
    4.66        0.0312188921            7.00E-15         1.00E-14
    4.67        0.0309882460            7.07E-15         1.00E-14
    4.68        0.0307596664            7.19E-15         1.00E-14
    4.69        0.0305331319            8.31E-15         1.00E-14
    4.70        0.0303086211            8.07E-15         1.00E-14
    4.71        0.0300861131            5.86E-15         1.00E-14
    4.72        0.0298655870            6.24E-15         1.00E-14
    4.73        0.0296470223            6.73E-15         1.00E-14
    4.74        0.0294303988            7.62E-15         1.00E-14
    4.75        0.0292156964            8.15E-15         1.00E-14
    4.76        0.0290028952            9.07E-15         1.00E-14
    4.77        0.0287919757            6.94E-15         1.00E-14
    4.78        0.0285829185            9.18E-15         1.00E-14
    4.79        0.0283757044            8.67E-15         1.00E-14
    4.80        0.0281703146            7.37E-15         1.00E-14
    4.81        0.0279667304            8.28E-15         1.00E-14
    4.82        0.0277649332            6.59E-15         1.00E-14
    4.83        0.0275649048            8.37E-15         1.00E-14
    4.84        0.0273666272            5.92E-15         1.00E-14
    4.85        0.0271700825            5.93E-15         1.00E-14
    4.86        0.0269752530            5.75E-15         1.00E-14
    4.87        0.0267821214            7.39E-15         1.00E-14
    4.88        0.0265906703            5.92E-15         1.00E-14
    4.89        0.0264008828            5.59E-15         1.00E-14
    4.90        0.0262127419            8.06E-15         1.00E-14
    4.91        0.0260262311            6.10E-15         1.00E-14
    4.92        0.0258413339            9.07E-15         1.00E-14
    4.93        0.0256580340            6.25E-15         1.00E-14
    4.94        0.0254763153            6.04E-15         1.00E-14
    4.95        0.0252961619            6.11E-15         1.00E-14
    4.96        0.0251175581            6.10E-15         1.00E-14
    4.97        0.0249404883            6.09E-15         1.00E-14
    4.98        0.0247649373            5.99E-15         1.00E-14
    4.99        0.0245908896            8.77E-15         1.00E-14
    5.00        0.0244183305            8.95E-15         1.00E-14
    5.01        0.0242472449            7.51E-15         1.00E-14
    5.02        0.0240776183            5.92E-15         1.00E-14
    5.03        0.0239094361            5.87E-15         1.00E-14
    5.04        0.0237426839            5.70E-15         1.00E-14
    5.05        0.0235773475            5.73E-15         1.00E-14
    5.06        0.0234134130            5.84E-15         1.00E-14
    5.07        0.0232508664            5.78E-15         1.00E-14
    5.08        0.0230896941            5.85E-15         1.00E-14
    5.09        0.0229298823            5.98E-15         1.00E-14
    5.10        0.0227714179            8.00E-15         1.00E-14
    5.11        0.0226142874            5.89E-15         1.00E-14
    5.12        0.0224584777            5.75E-15         1.00E-14
    5.13        0.0223039760            5.96E-15         1.00E-14
    5.14        0.0221507693            6.00E-15         1.00E-14
    5.15        0.0219988449            5.91E-15         1.00E-14
    5.16        0.0218481904            5.82E-15         1.00E-14
    5.17        0.0216987933            5.74E-15         1.00E-14
    5.18        0.0215506414            5.77E-15         1.00E-14
    5.19        0.0214037225            5.87E-15         1.00E-14
    5.20        0.0212580247            6.63E-15         1.00E-14
    5.21        0.0211135360            5.55E-15         1.00E-14
    5.22        0.0209702448            5.75E-15         1.00E-14
    5.23        0.0208281394            5.53E-15         1.00E-14
    5.24        0.0206872083            5.57E-15         1.00E-14
    5.25        0.0205474403            5.72E-15         1.00E-14
    5.26        0.0204088240            5.66E-15         1.00E-14
    5.27        0.0202713484            5.64E-15         1.00E-14
    5.28        0.0201350025            5.70E-15         1.00E-14
    5.29        0.0199997754            5.70E-15         1.00E-14
    5.30        0.0198656565            5.75E-15         1.00E-14
    5.31        0.0197326350            5.96E-15         1.00E-14
    5.32        0.0196007004            5.77E-15         1.00E-14
    5.33        0.0194698425            5.80E-15         1.00E-14
    5.34        0.0193400508            5.86E-15         1.00E-14
    5.35        0.0192113152            5.51E-15         1.00E-14
    5.36        0.0190836257            5.68E-15         1.00E-14
    5.37        0.0189569722            5.69E-15         1.00E-14
    5.38        0.0188313451            5.63E-15         1.00E-14
    5.39        0.0187067344            5.57E-15         1.00E-14
    5.40        0.0185831306            5.43E-15         1.00E-14
    5.41        0.0184605242            5.59E-15         1.00E-14
    5.42        0.0183389057            5.70E-15         1.00E-14
    5.43        0.0182182659            5.73E-15         1.00E-14
    5.44        0.0180985954            5.66E-15         1.00E-14
    5.45        0.0179798851            5.64E-15         1.00E-14
    5.46        0.0178621261            5.71E-15         1.00E-14
    5.47        0.0177453094            5.71E-15         1.00E-14
    5.48        0.0176294262            5.77E-15         1.00E-14
    5.49        0.0175144677            5.77E-15         1.00E-14
    5.50        0.0174004252            5.69E-15         1.00E-14
    5.51        0.0172872903            5.57E-15         1.00E-14
    5.52        0.0171750544            5.57E-15         1.00E-14
    5.53        0.0170637091            5.66E-15         1.00E-14
    5.54        0.0169532463            5.56E-15         1.00E-14
    5.55        0.0168436577            5.37E-15         1.00E-14
    5.56        0.0167349351            5.49E-15         1.00E-14
    5.57        0.0166270706            5.41E-15         1.00E-14
    5.58        0.0165200562            5.40E-15         1.00E-14
    5.59        0.0164138840            5.54E-15         1.00E-14
    5.60        0.0163085463            5.58E-15         1.00E-14
    5.61        0.0162040354            5.53E-15         1.00E-14
    5.62        0.0161003437            5.59E-15         1.00E-14
    5.63        0.0159974636            5.57E-15         1.00E-14
    5.64        0.0158953877            5.62E-15         1.00E-14
    5.65        0.0157941086            5.48E-15         1.00E-14
    5.66        0.0156936190            5.63E-15         1.00E-14
    5.67        0.0155939117            5.60E-15         1.00E-14
    5.68        0.0154949795            5.62E-15         1.00E-14
    5.69        0.0153968153            5.55E-15         1.00E-14
    5.70        0.0152994123            5.46E-15         1.00E-14
    5.71        0.0152027634            5.39E-15         1.00E-14
    5.72        0.0151068617            5.35E-15         1.00E-14
    5.73        0.0150117006            5.41E-15         1.00E-14
    5.74        0.0149172733            5.46E-15         1.00E-14
    5.75        0.0148235731            5.42E-15         1.00E-14
    5.76        0.0147305934            5.40E-15         1.00E-14
    5.77        0.0146383278            5.41E-15         1.00E-14
    5.78        0.0145467699            5.53E-15         1.00E-14
    5.79        0.0144559131            5.65E-15         1.00E-14
    5.80        0.0143657514            5.57E-15         1.00E-14
    5.81        0.0142762783            5.64E-15         1.00E-14
    5.82        0.0141874877            5.59E-15         1.00E-14
    5.83        0.0140993735            5.45E-15         1.00E-14
    5.84        0.0140119297            5.58E-15         1.00E-14
    5.85        0.0139251502            5.48E-15         1.00E-14
    5.86        0.0138390291            5.44E-15         1.00E-14
    5.87        0.0137535606            5.55E-15         1.00E-14
    5.88        0.0136687388            5.37E-15         1.00E-14
    5.89        0.0135845579            5.40E-15         1.00E-14
    5.90        0.0135010124            5.39E-15         1.00E-14
    5.91        0.0134180965            5.48E-15         1.00E-14
    5.92        0.0133358048            5.19E-15         1.00E-14
    5.93        0.0132541315            5.42E-15         1.00E-14
    5.94        0.0131730714            5.39E-15         1.00E-14
    5.95        0.0130926189            5.37E-15         1.00E-14
    5.96        0.0130127687            5.44E-15         1.00E-14
    5.97        0.0129335156            5.50E-15         1.00E-14
    5.98        0.0128548542            5.61E-15         1.00E-14
    5.99        0.0127767794            5.60E-15         1.00E-14
    6.00        0.0126992860            5.48E-15         1.00E-14
    6.01        0.0126223689            5.43E-15         1.00E-14
    6.02        0.0125460232            5.43E-15         1.00E-14
    6.03        0.0124702437            5.43E-15         1.00E-14
    6.04        0.0123950256            5.32E-15         1.00E-14
    6.05        0.0123203640            5.21E-15         1.00E-14
    6.06        0.0122462539            5.29E-15         1.00E-14
    6.07        0.0121726907            5.32E-15         1.00E-14
    6.08        0.0120996696            5.44E-15         1.00E-14
    6.09        0.0120271859            5.36E-15         1.00E-14
    6.10        0.0119552349            5.30E-15         1.00E-14
    6.11        0.0118838120            5.27E-15         1.00E-14
    6.12        0.0118129126            5.40E-15         1.00E-14
    6.13        0.0117425323            5.34E-15         1.00E-14
    6.14        0.0116726665            5.44E-15         1.00E-14
    6.15        0.0116033109            5.78E-15         1.00E-14
    6.16        0.0115344610            5.81E-15         1.00E-14
    6.17        0.0114661125            6.02E-15         1.00E-14
    6.18        0.0113982612            6.21E-15         1.00E-14
    6.19        0.0113309026            6.41E-15         1.00E-14
    6.20        0.0112640327            6.58E-15         1.00E-14
    6.21        0.0111976473            6.99E-15         1.00E-14
    6.22        0.0111317422            7.12E-15         1.00E-14
    6.23        0.0110663133            7.18E-15         1.00E-14
    6.24        0.0110013566            7.43E-15         1.00E-14
    6.25        0.0109368681            7.38E-15         1.00E-14
    6.26        0.0108728437            7.36E-15         1.00E-14
    6.27        0.0108092797            7.27E-15         1.00E-14
    6.28        0.0107461719            6.92E-15         1.00E-14
    6.29        0.0106835167            6.60E-15         1.00E-14
    6.30        0.0106213101            6.11E-15         1.00E-14
    6.31        0.0105595484            5.68E-15         1.00E-14
    6.32        0.0104982279            5.65E-15         1.00E-14
    6.33        0.0104373448            6.44E-15         1.00E-14
    6.34        0.0103768954            7.88E-15         1.00E-14
    6.35        0.0103168762            6.16E-15         1.00E-14
    6.36        0.0102572834            6.73E-15         1.00E-14
    6.37        0.0101981136            7.02E-15         1.00E-14
    6.38        0.0101393631            7.32E-15         1.00E-14
    6.39        0.0100810286            7.69E-15         1.00E-14
    6.40        0.0100231064            7.70E-15         1.00E-14
    6.41        0.0099655932            6.96E-15         1.00E-14
    6.42        0.0099084856            7.05E-15         1.00E-14
    6.43        0.0098517802            6.72E-15         1.00E-14
    6.44        0.0097954737            6.36E-15         1.00E-14
    6.45        0.0097395627            6.39E-15         1.00E-14
    6.46        0.0096840440            7.22E-15         1.00E-14
    6.47        0.0096289143            8.55E-15         1.00E-14
    6.48        0.0095741704            6.28E-15         1.00E-14
    6.49        0.0095198092            5.99E-15         1.00E-14
    6.50        0.0094658275            5.82E-15         1.00E-14
    6.51        0.0094122220            7.74E-15         1.00E-14
    6.52        0.0093589899            7.13E-15         1.00E-14
    6.53        0.0093061279            7.03E-15         1.00E-14
    6.54        0.0092536331            7.85E-15         1.00E-14
    6.55        0.0092015025            8.42E-15         1.00E-14
    6.56        0.0091497330            7.64E-15         1.00E-14
    6.57        0.0090983217            8.06E-15         1.00E-14
    6.58        0.0090472657            9.56E-15         1.00E-14
    6.59        0.0089965621            5.81E-15         1.00E-14
    6.60        0.0089462080            6.60E-15         1.00E-14
    6.61        0.0088962006            9.52E-15         1.00E-14
    6.62        0.0088465370            7.23E-15         1.00E-14
    6.63        0.0087972145            7.81E-15         1.00E-14
    6.64        0.0087482304            7.59E-15         1.00E-14
    6.65        0.0086995818            6.51E-15         1.00E-14
    6.66        0.0086512660            9.22E-15         1.00E-14
    6.67        0.0086032804            7.23E-15         1.00E-14
    6.68        0.0085556223            9.31E-15         1.00E-14
    6.69        0.0085082891            9.59E-15         1.00E-14
    6.70        0.0084612782            9.64E-15         1.00E-14
    6.71        0.0084145868            8.79E-15         1.00E-14
    6.72        0.0083682126            7.87E-15         1.00E-14
    6.73        0.0083221529            7.06E-15         1.00E-14
    6.74        0.0082764053            8.75E-15         1.00E-14
    6.75        0.0082309672            6.93E-15         1.00E-14
    6.76        0.0081858361            6.60E-15         1.00E-14
    6.77        0.0081410097            6.22E-15         1.00E-14
    6.78        0.0080964855            7.69E-15         1.00E-14
    6.79        0.0080522610            7.77E-15         1.00E-14
    6.80        0.0080083339            9.16E-15         1.00E-14
    6.81        0.0079647018            9.85E-15         1.00E-14
    6.82        0.0079213625            6.38E-15         1.00E-14
    6.83        0.0078783135            7.65E-15         1.00E-14
    6.84        0.0078355525            9.88E-15         1.00E-14
    6.85        0.0077930774            8.70E-15         1.00E-14
    6.86        0.0077508858            9.78E-15         1.00E-14
    6.87        0.0077089755            8.45E-15         1.00E-14
    6.88        0.0076673443            6.74E-15         1.00E-14
    6.89        0.0076259900            5.97E-15         1.00E-14
    6.90        0.0075849104            8.54E-15         1.00E-14
    6.91        0.0075441034            9.42E-15         1.00E-14
    6.92        0.0075035667            7.47E-15         1.00E-14
    6.93        0.0074632984            6.97E-15         1.00E-14
    6.94        0.0074232963            9.25E-15         1.00E-14
    6.95        0.0073835583            7.21E-15         1.00E-14
    6.96        0.0073440824            6.16E-15         1.00E-14
    6.97        0.0073048665            7.08E-15         1.00E-14
    6.98        0.0072659086            8.69E-15         1.00E-14
    6.99        0.0072272066            7.89E-15         1.00E-14
    7.00        0.0071887587            7.26E-15         1.00E-14
    7.01        0.0071505628            6.20E-15         1.00E-14
    7.02        0.0071126170            8.84E-15         1.00E-14
    7.03        0.0070749193            8.98E-15         1.00E-14
    7.04        0.0070374679            7.79E-15         1.00E-14
    7.05        0.0070002607            6.82E-15         1.00E-14
    7.06        0.0069632960            9.40E-15         1.00E-14
    7.07        0.0069265719            6.56E-15         1.00E-14
    7.08        0.0068900865            9.38E-15         1.00E-14
    7.09        0.0068538380            7.51E-15         1.00E-14
    7.10        0.0068178245            6.25E-15         1.00E-14
    7.11        0.0067820443            6.57E-15         1.00E-14
    7.12        0.0067464956            8.25E-15         1.00E-14
    7.13        0.0067111766            8.35E-15         1.00E-14
    7.14        0.0066760855            6.15E-15         1.00E-14
    7.15        0.0066412206            8.19E-15         1.00E-14
    7.16        0.0066065802            6.97E-15         1.00E-14
    7.17        0.0065721626            8.21E-15         1.00E-14
    7.18        0.0065379661            6.93E-15         1.00E-14
    7.19        0.0065039889            6.86E-15         1.00E-14
    7.20        0.0064702295            7.61E-15         1.00E-14
    7.21        0.0064366862            5.06E-15         1.00E-14
    7.22        0.0064033573            7.57E-15         1.00E-14
    7.23        0.0063702413            8.69E-15         1.00E-14
    7.24        0.0063373364            8.46E-15         1.00E-14
    7.25        0.0063046412            9.06E-15         1.00E-14
    7.26        0.0062721540            8.01E-15         1.00E-14
    7.27        0.0062398733            6.68E-15         1.00E-14
    7.28        0.0062077975            8.68E-15         1.00E-14
    7.29        0.0061759252            6.78E-15         1.00E-14
    7.30        0.0061442546            8.09E-15         1.00E-14
    7.31        0.0061127844            8.34E-15         1.00E-14
    7.32        0.0060815131            9.52E-15         1.00E-14
    7.33        0.0060504391            6.94E-15         1.00E-14
    7.34        0.0060195609            8.42E-15         1.00E-14
    7.35        0.0059888772            8.50E-15         1.00E-14
    7.36        0.0059583865            6.90E-15         1.00E-14
    7.37        0.0059280873            8.98E-15         1.00E-14
    7.38        0.0058979782            7.29E-15         1.00E-14
    7.39        0.0058680579            7.99E-15         1.00E-14
    7.40        0.0058383248            6.75E-15         1.00E-14
    7.41        0.0058087776            7.93E-15         1.00E-14
    7.42        0.0057794150            9.18E-15         1.00E-14
    7.43        0.0057502355            9.62E-15         1.00E-14
    7.44        0.0057212378            7.85E-15         1.00E-14
    7.45        0.0056924207            5.97E-15         1.00E-14
    7.46        0.0056637826            8.19E-15         1.00E-14
    7.47        0.0056353224            7.37E-15         1.00E-14
    7.48        0.0056070387            6.88E-15         1.00E-14
    7.49        0.0055789302            7.29E-15         1.00E-14
    7.50        0.0055509957            6.03E-15         1.00E-14
    7.51        0.0055232338            9.95E-15         1.00E-14
    7.52        0.0054956434            9.04E-15         1.00E-14
    7.53        0.0054682230            9.14E-15         1.00E-14
    7.54        0.0054409716            7.41E-15         1.00E-14
    7.55        0.0054138878            6.36E-15         1.00E-14
    7.56        0.0053869705            7.92E-15         1.00E-14
    7.57        0.0053602184            6.04E-15         1.00E-14
    7.58        0.0053336304            7.89E-15         1.00E-14
    7.59        0.0053072052            7.72E-15         1.00E-14
    7.60        0.0052809416            6.71E-15         1.00E-14
    7.61        0.0052548386            9.08E-15         1.00E-14
    7.62        0.0052288948            6.81E-15         1.00E-14
    7.63        0.0052031093            7.31E-15         1.00E-14
    7.64        0.0051774808            8.83E-15         1.00E-14
    7.65        0.0051520081            8.16E-15         1.00E-14
    7.66        0.0051266903            8.11E-15         1.00E-14
    7.67        0.0051015261            8.65E-15         1.00E-14
    7.68        0.0050765145            6.12E-15         1.00E-14
    7.69        0.0050516543            7.50E-15         1.00E-14
    7.70        0.0050269445            7.95E-15         1.00E-14
    7.71        0.0050023840            7.43E-15         1.00E-14
    7.72        0.0049779717            8.77E-15         1.00E-14
    7.73        0.0049537066            6.92E-15         1.00E-14
    7.74        0.0049295876            8.60E-15         1.00E-14
    7.75        0.0049056137            7.05E-15         1.00E-14
    7.76        0.0048817838            6.21E-15         1.00E-14
    7.77        0.0048580969            9.83E-15         1.00E-14
    7.78        0.0048345520            6.44E-15         1.00E-14
    7.79        0.0048111481            9.33E-15         1.00E-14
    7.80        0.0047878842            6.45E-15         1.00E-14
    7.81        0.0047647592            7.45E-15         1.00E-14
    7.82        0.0047417723            9.73E-15         1.00E-14
    7.83        0.0047189224            7.87E-15         1.00E-14
    7.84        0.0046962086            8.84E-15         1.00E-14
    7.85        0.0046736299            8.56E-15         1.00E-14
    7.86        0.0046511853            7.36E-15         1.00E-14
    7.87        0.0046288739            9.24E-15         1.00E-14
    7.88        0.0046066948            9.55E-15         1.00E-14
    7.89        0.0045846470            6.15E-15         1.00E-14
    7.90        0.0045627297            9.13E-15         1.00E-14
    7.91        0.0045409418            6.29E-15         1.00E-14
    7.92        0.0045192826            9.40E-15         1.00E-14
    7.93        0.0044977510            6.39E-15         1.00E-14
    7.94        0.0044763462            7.91E-15         1.00E-14
    7.95        0.0044550674            7.07E-15         1.00E-14
    7.96        0.0044339135            9.24E-15         1.00E-14
    7.97        0.0044128839            9.21E-15         1.00E-14
    7.98        0.0043919775            7.02E-15         1.00E-14
    7.99        0.0043711936            6.58E-15         1.00E-14
    8.00        0.0043505313            8.43E-15         1.00E-14
#
# ###############################################################################
#
# ###############################################################################
# 
##   CPU time elapsed =         2.07 s ::       0.03 m ::        0.00 h
