#
# SF :: VERSION 03-11-2023
#
# Precision of the code =  64-bit
#
# DATE = 2025-01-19     TIME = 11:43:04
#
# Atom name N_1_minus was read from command line
#
# DBSR_HF .data file name ../DBSR_HF_001/N_1_minus/N_1_minus.data was read from command line
#
# DBSR_HF .plot file name ../DBSR_HF_001/N_1_minus/N_1_minus.plot was read from command line
#
# DBSR_HF .conf file name ../DBSR_HF_001/N_1_minus/N_1_minus.conf was read from command line
#
# DBSR_HF .log  file name ../DBSR_HF_001/N_1_minus/N_1_minus.log was read from command line
#
# ###############################################################################
#
# Reading input file sf.inp
#
# INPUT FILE SAYS THAT THIS IS AN ION 
#    - neutral atom : N
#    - ion name     : N(1-)
#
# Number of FIT 1 parameters =    9
# Initial guess 1 =    0.100   0.100   0.100   0.100   0.100   0.100   0.100   0.100   0.000
#
# FIT 1 parameter map : 
#   parameter #  1, preopt? = 1, type = a, set number =  1
#   parameter #  2, preopt? = 1, type = b, set number =  1
#   parameter #  3, preopt? = 1, type = a, set number =  2
#   parameter #  4, preopt? = 1, type = b, set number =  2
#   parameter #  5, preopt? = 1, type = a, set number =  3
#   parameter #  6, preopt? = 1, type = b, set number =  3
#   parameter #  7, preopt? = 1, type = a, set number =  4
#   parameter #  8, preopt? = 1, type = b, set number =  4
#   parameter #  9, preopt? = 0, type = c
#
# Verbosity level =    0
#
# CALCULATIONS : 
#   - Determine Mean Atom Radii              = T
#   - Determine Maxima in Subshells          = T
#   - Main Calculation of Scattering Factors = T
#   - Fit1 ( low  sin[theta]/lambda )        = F
#   - Fit2 ( high sin[theta]/lambda )        = F
#
# SIN(THETA)/LAMBDA grid for RANGE 1 ( min, max, step ) =       0.0000      8.0000      0.0100
#
# SIN(THETA)/LAMBDA grid for RANGE 2 ( min, max, step ) =       2.0000      6.0000      0.1000
#
# Integrator = DQAG    ( INT_METHOD =  2 )
#
#   DQAG :: EPSABS =     1.0000E-14, EPSREL =     1.0000E-16, KEY =  6
#
# Upper integration limit (B) is defined when R falls below   1.0000E-50
#
# The list of selected fitting methods/subroutines :
#    N.  METHOD    FIT 1     FIT 2
#    --  ------    -----     -----
#     1  DMNHB
#     2  DMNGB
#     3  DMNFB
#     4  LMDER1
#     5  LMDIF1
#     6  NL2SOL
#     7  NL2SNO
#     8  OPTIF9
#     9  LBFGSB
#    10  CGFAM
#    11  SIMANN
#
# Parameter bounds (if applicable) :   -3.0000E+02 ...   3.0000E+02
#
# -------------------------------------------------------------------------------
#
# Atomic number =    7
#
# -------------------------------------------------------------------------------
#
# Generating sin(theta)/lambda grid for RANGE 1 : 
#
#      0.000 <= sin(theta)/lambda <=    8.000,  step =    0.010
#
# Number of sin(theta)/lambda grid points =        801
#
# -------------------------------------------------------------------------------
#
# Reading electron configuration file ../DBSR_HF_001/N_1_minus/N_1_minus.conf
#
# Number of core subshells  =    1
# Number of peel subshells  =    3
# Total number of subshells =    4
#
# Number of configurations  =    3
#
# Weights of configurations : 
#   configuration #   1, weight =        0.4000000000000
#   configuration #   2, weight =        0.5333333333333
#   configuration #   3, weight =        0.0666666666667
#
# Sum of configuration weights read     =      1.0000000000000
#                          renormaziled =      1.0000000000000
#
# Subshells : 
#   subshell #   1, core = 1, label = 1s    , l = 0, population =  2.0
#   subshell #   2, core = 0, label = 2s    , l = 0
#   subshell #   3, core = 0, label = 2p-   , l = 1
#   subshell #   4, core = 0, label = 2p    , l = 1
#
# Configurations :
#   config.  #   1 <<<  2s ( 2)  2p-( 2)  2p ( 2)  >>>, weight =   0.40000000
#   config.  #   2 <<<  2s ( 2)  2p-( 1)  2p ( 3)  >>>, weight =   0.53333333
#   config.  #   3 <<<  2s ( 2)  2p ( 4)  >>>, weight =   0.06666667
#
# Final list of DBSR_HF subshells :
#   subshell #   1, core = 1, label = 1s    , l = 0, population =      2.0000000000000
#   subshell #   2, core = 0, label = 2s    , l = 0, population =      2.0000000000000
#   subshell #   3, core = 0, label = 2p-   , l = 1, population =      1.3333333333333
#   subshell #   4, core = 0, label = 2p    , l = 1, population =      2.6666666666667
#
# Total electron count =       8.0000
#
# WARNING! Z (    7 ) != Total electron count (     8.0000000000 ) 
#
#
# -------------------------------------------------------------------------------
#
# Reading DBSR_HF logile file ../DBSR_HF_001/N_1_minus/N_1_minus.log
#
# Total energy =       -54.325648787916
#
#  N.   Label            Energy                   <r>
#   1   1s            -15.2656169600         0.228115532221
#   2   2s             -0.5905023500         1.385822919752
#   3   2p-            -0.0857697000         1.782131368607
#   4   2p             -0.0850403600         1.785782797471
#
# -------------------------------------------------------------------------------
#
# List of orbitals in non-relativistic notation : 
#    1  1s    2.00
#    2  2s    2.00
#    3  2p    4.00
#
# Searching for a noble gas core 
#
# Found [He] core
#
# Electronic configuration: [He] 2s(2) 2p(4)
#
# ===============================================================================
#
# Reading grid file ../DBSR_HF_001/N_1_minus/N_1_minus.plot
#    Number of grid points =       3565
#    Number of functions   =          8
#
# Function names in the grid file : 
#   1: p1s        2: q1s        3: p2s        4: q2s        5: p2p-    
#   6: q2p-       7: p2p        8: q2p     
#
# ===============================================================================
#
# Reading DBSR_HF .data file ../DBSR_HF_001/N_1_minus/N_1_minus.data
#
# nbf, nwf, nv, ns, ks, nsp, ksp, nsq, ksq =      4     4   396   404     9   403     8   404     9
# -------------------------------------------------------------------------------
# Reading B-spline data for AO #    1, label = 1s   
#   this AO matches AO #    1 in .conf file
# -------------------------------------------------------------------------------
# Reading B-spline data for AO #    2, label = 2s   
#   this AO matches AO #    2 in .conf file
# -------------------------------------------------------------------------------
# Reading B-spline data for AO #    3, label = 2p-  
#   this AO matches AO #    3 in .conf file
# -------------------------------------------------------------------------------
# Reading B-spline data for AO #    4, label = 2p   
#   this AO matches AO #    4 in .conf file
# -------------------------------------------------------------------------------
#
# ###############################################################################
#
# Numerical integration limits :         0.0000000000       41.2657172220
#
# ###############################################################################
#
# Verifying our B-spline calculation vs DBSR_HF values in file ../DBSR_HF_001/N_1_minus/N_1_minus.plot
#
# DBG1    #  Func.     max.diff.       r        ( # )    max.diff.%     r       ( # )
# DBG1    1  p1s     -1.9984E-15    1.8499E-01  2103       1.6E-10  1.3766E+01  2907  
# DBG1    2  q1s      3.4694E-17    1.1268E-01  2012       1.8E-10  1.3766E+01  2907  
# DBG1    3  p2s      4.4409E-16    9.6422E-01  2408      -1.5E-11  2.6605E+01  3138  
# DBG1    4  q2s      1.0408E-17    1.5220E-01  2067      -1.7E-11  2.6605E+01  3138  
# DBG1    5  p2p-    -4.4409E-16    5.2423E-01  2296       1.2E-10  4.0733E+01  3392  
# DBG1    6  q2p-     6.9389E-18    2.0076E-01  2119       1.4E-10  4.0733E+01  3392  
# DBG1    7  p2p      5.5511E-16    7.7709E-01  2369       1.2E-10  4.1233E+01  3401  
# DBG1    8  q2p      4.3368E-18    1.2122E+00  2451       1.4E-10  4.1233E+01  3401  
#
# ###############################################################################
#
# Verifying our integration of <r> vs DBSR_HF values in file ../DBSR_HF_001/N_1_minus/N_1_minus.log
#
# DBG2    N.  Label            <r>              <r> DBSR_HF    difference     diff.%
# DBG2    1   1s          0.228115532221      0.228115532221    3.38E-13     1.5E-10
# DBG2    2   2s          1.385822919752      1.385822919752   -3.62E-13    -2.6E-11
# DBG2    3   2p-         1.782131368607      1.782131368607    8.68E-14     4.9E-12
# DBG2    4   2p          1.785782797471      1.785782797471    1.02E-13     5.7E-12
#
# ###############################################################################
#
# Calculating Mean Atom Radii : 
# ( see At.Data.Nucl.Tables (2017) 117-118, 439, Table 7 )
#
#   Atom mean           radius =       1.295767 atomic units
#   Atom mean spherical radius =       1.689880 atomic units
#
# & N_1_       1.296       1.690
#
# ###############################################################################
#
# Calculating Subshells Charge Density Maxima : 
# ( see At.Data.Nucl.Tables (2017) 117-118, 439, Table 4 )
#
# -------------------------------------------------------------------------------
# 
# Subshell 1s = 1s : 
#   Initial guess for rmax =     0.14874230
#   Neighboring points     =     0.14792226 (left) and     0.14980711 (right)
#   Newton-Raphson step    0, r =       0.14874230
#     1st derivative =   -9.460E-02,  2nd derivative =   -3.019E+02
#   Newton-Raphson step    1, r =       0.14842894
#     1st derivative =    2.060E-04,  2nd derivative =   -3.032E+02
#   Newton-Raphson step    2, r =       0.14842962
#     1st derivative =    9.671E-10,  2nd derivative =   -3.032E+02
#   Convergence on 1st derivative reached...
#   Radius of maximum charge density =       0.148430 atomic units
#
# -------------------------------------------------------------------------------
# 
# Subshell 2s = 2s : 
#   Initial guess for rmax =     1.03307070
#   Neighboring points     =     1.02757249 (left) and     1.03633341 (right)
#   Newton-Raphson step    0, r =       1.03307070
#     1st derivative =   -5.652E-03,  2nd derivative =   -3.330E+00
#   Newton-Raphson step    1, r =       1.03137363
#     1st derivative =    1.492E-05,  2nd derivative =   -3.348E+00
#   Newton-Raphson step    2, r =       1.03137809
#     1st derivative =    1.025E-10,  2nd derivative =   -3.348E+00
#   Convergence on 1st derivative reached...
#   Radius of maximum charge density =       1.031378 atomic units
#
# -------------------------------------------------------------------------------
# 
# Subshell 2p- = 2p1/2 : 
#   Initial guess for rmax =     1.04714414
#   Neighboring points     =     1.04137102 (left) and     1.05464039 (right)
#   Newton-Raphson step    0, r =       1.04714414
#     1st derivative =    9.119E-04,  2nd derivative =   -1.174E+00
#   Newton-Raphson step    1, r =       1.04792099
#     1st derivative =    9.327E-07,  2nd derivative =   -1.171E+00
#   Newton-Raphson step    2, r =       1.04792179
#     1st derivative =    9.800E-13,  2nd derivative =   -1.171E+00
#   Convergence on 1st derivative reached...
#   Radius of maximum charge density =       1.047922 atomic units
#
# -------------------------------------------------------------------------------
# 
# Subshell 2p = 2p3/2 : 
#   Initial guess for rmax =     1.04714414
#   Neighboring points     =     1.04137102 (left) and     1.05464039 (right)
#   Newton-Raphson step    0, r =       1.04714414
#     1st derivative =    2.324E-03,  2nd derivative =   -1.160E+00
#   Newton-Raphson step    1, r =       1.04914780
#     1st derivative =    6.105E-06,  2nd derivative =   -1.154E+00
#   Newton-Raphson step    2, r =       1.04915309
#     1st derivative =    4.260E-11,  2nd derivative =   -1.154E+00
#   Convergence on 1st derivative reached...
#   Radius of maximum charge density =       1.049153 atomic units
#
# ===============================================================================
#
# Radii of maximum charge density for each subshell (atomic units) :
#
# @ N_1_      1s      2s   2p1/2   2p3/2
# @ N_1_   0.148   1.031   1.048   1.049
#
# ###############################################################################
#
# Calculating Scattering Factors (SF) in RANGE 1 : 
#
#                                       ------- PRECISION --------
#     STL     SCATTERING FACTOR         ESTIMATED        REQUESTED
    0.00        8.0000000000            9.15E-14         1.00E-13
    0.01        7.9832109970            9.12E-14         1.00E-13
    0.02        7.9334151063            8.97E-14         1.00E-13
    0.03        7.8522640562            8.92E-14         1.00E-13
    0.04        7.7423195119            1.00E-13         1.00E-13
    0.05        7.6068104628            9.84E-14         1.00E-13
    0.06        7.4493652506            9.68E-14         1.00E-13
    0.07        7.2737600245            9.51E-14         1.00E-13
    0.08        7.0837114857            9.41E-14         1.00E-13
    0.09        6.8827257936            9.13E-14         1.00E-13
    0.10        6.6740026455            8.85E-14         1.00E-13
    0.11        6.4603858824            8.59E-14         1.00E-13
    0.12        6.2443490632            8.49E-14         1.00E-13
    0.13        6.0280047645            8.28E-14         1.00E-13
    0.14        5.8131282831            8.05E-14         1.00E-13
    0.15        5.6011888099            7.75E-14         1.00E-13
    0.16        5.3933833479            7.60E-14         1.00E-13
    0.17        5.1906703999            7.49E-14         1.00E-13
    0.18        4.9938017310            7.27E-14         1.00E-13
    0.19        4.8033513617            7.10E-14         1.00E-13
    0.20        4.6197414917            6.84E-14         1.00E-13
    0.21        4.4432653706            6.80E-14         1.00E-13
    0.22        4.2741073011            6.64E-14         1.00E-13
    0.23        4.1123600371            6.35E-14         1.00E-13
    0.24        3.9580398649            6.38E-14         1.00E-13
    0.25        3.8110996454            6.13E-14         1.00E-13
    0.26        3.6714400758            6.02E-14         1.00E-13
    0.27        3.5389194017            5.98E-14         1.00E-13
    0.28        3.4133617808            5.83E-14         1.00E-13
    0.29        3.2945644745            5.70E-14         1.00E-13
    0.30        3.1823040196            5.64E-14         1.00E-13
    0.31        3.0763415104            5.57E-14         1.00E-13
    0.32        2.9764271070            5.43E-14         1.00E-13
    0.33        2.8823038661            5.40E-14         1.00E-13
    0.34        2.7937109823            5.28E-14         1.00E-13
    0.35        2.7103865135            5.24E-14         1.00E-13
    0.36        2.6320696582            5.21E-14         1.00E-13
    0.37        2.5585026402            5.10E-14         1.00E-13
    0.38        2.4894322538            5.07E-14         1.00E-13
    0.39        2.4246111134            5.00E-14         1.00E-13
    0.40        2.3637986470            4.97E-14         1.00E-13
    0.41        2.3067618701            4.89E-14         1.00E-13
    0.42        2.2532759681            4.82E-14         1.00E-13
    0.43        2.2031247179            4.81E-14         1.00E-13
    0.44        2.1561007697            4.73E-14         1.00E-13
    0.45        2.1120058115            4.77E-14         1.00E-13
    0.46        2.0706506352            4.68E-14         1.00E-13
    0.47        2.0318551187            4.62E-14         1.00E-13
    0.48        1.9954481401            4.57E-14         1.00E-13
    0.49        1.9612674355            4.60E-14         1.00E-13
    0.50        1.9291594100            4.52E-14         1.00E-13
    0.51        1.8989789136            4.53E-14         1.00E-13
    0.52        1.8705889874            4.47E-14         1.00E-13
    0.53        1.8438605890            4.41E-14         1.00E-13
    0.54        1.8186723010            4.41E-14         1.00E-13
    0.55        1.7949100297            4.41E-14         1.00E-13
    0.56        1.7724666969            4.36E-14         1.00E-13
    0.57        1.7512419281            4.31E-14         1.00E-13
    0.58        1.7311417413            4.26E-14         1.00E-13
    0.59        1.7120782379            4.30E-14         1.00E-13
    0.60        1.6939692980            4.24E-14         1.00E-13
    0.61        1.6767382816            4.20E-14         1.00E-13
    0.62        1.6603137379            4.17E-14         1.00E-13
    0.63        1.6446291218            4.21E-14         1.00E-13
    0.64        1.6296225206            4.19E-14         1.00E-13
    0.65        1.6152363900            4.20E-14         1.00E-13
    0.66        1.6014173004            4.25E-14         1.00E-13
    0.67        1.5881156933            4.38E-14         1.00E-13
    0.68        1.5752856488            4.23E-14         1.00E-13
    0.69        1.5628846632            6.25E-14         1.00E-13
    0.70        1.5508734370            4.38E-14         1.00E-13
    0.71        1.5392156738            4.01E-14         1.00E-13
    0.72        1.5278778887            3.98E-14         1.00E-13
    0.73        1.5168292273            3.96E-14         1.00E-13
    0.74        1.5060412937            3.94E-14         1.00E-13
    0.75        1.4954879879            3.92E-14         1.00E-13
    0.76        1.4851453530            3.90E-14         1.00E-13
    0.77        1.4749914299            3.89E-14         1.00E-13
    0.78        1.4650061211            3.88E-14         1.00E-13
    0.79        1.4551710625            3.85E-14         1.00E-13
    0.80        1.4454695019            3.83E-14         1.00E-13
    0.81        1.4358861863            3.80E-14         1.00E-13
    0.82        1.4264072544            3.77E-14         1.00E-13
    0.83        1.4170201370            3.76E-14         1.00E-13
    0.84        1.4077134629            3.77E-14         1.00E-13
    0.85        1.3984769710            3.74E-14         1.00E-13
    0.86        1.3893014280            3.73E-14         1.00E-13
    0.87        1.3801785511            3.72E-14         1.00E-13
    0.88        1.3711009358            3.70E-14         1.00E-13
    0.89        1.3620619891            3.68E-14         1.00E-13
    0.90        1.3530558656            3.65E-14         1.00E-13
    0.91        1.3440774098            3.64E-14         1.00E-13
    0.92        1.3351221001            3.63E-14         1.00E-13
    0.93        1.3261859988            3.62E-14         1.00E-13
    0.94        1.3172657035            3.57E-14         1.00E-13
    0.95        1.3083583034            3.58E-14         1.00E-13
    0.96        1.2994613374            3.58E-14         1.00E-13
    0.97        1.2905727561            3.56E-14         1.00E-13
    0.98        1.2816908859            3.51E-14         1.00E-13
    0.99        1.2728143956            3.53E-14         1.00E-13
    1.00        1.2639422660            3.50E-14         1.00E-13
    1.01        1.2550737605            3.47E-14         1.00E-13
    1.02        1.2462083994            3.47E-14         1.00E-13
    1.03        1.2373459348            3.47E-14         1.00E-13
    1.04        1.2284863276            3.45E-14         1.00E-13
    1.05        1.2196297268            3.44E-14         1.00E-13
    1.06        1.2107764499            3.48E-14         1.00E-13
    1.07        1.2019269645            3.42E-14         1.00E-13
    1.08        1.1930818720            3.40E-14         1.00E-13
    1.09        1.1842418918            3.56E-14         1.00E-13
    1.10        1.1754078475            3.47E-14         1.00E-13
    1.11        1.1665806537            3.55E-14         1.00E-13
    1.12        1.1577613035            4.40E-14         1.00E-13
    1.13        1.1489508582            4.24E-14         1.00E-13
    1.14        1.1401504366            3.81E-14         1.00E-13
    1.15        1.1313612056            8.63E-14         1.00E-13
    1.16        1.1225843720            3.35E-14         1.00E-13
    1.17        1.1138211744            3.23E-14         1.00E-13
    1.18        1.1050728761            3.31E-14         1.00E-13
    1.19        1.0963407587            3.21E-14         1.00E-13
    1.20        1.0876261159            3.26E-14         1.00E-13
    1.21        1.0789302483            3.28E-14         1.00E-13
    1.22        1.0702544583            3.26E-14         1.00E-13
    1.23        1.0616000458            3.27E-14         1.00E-13
    1.24        1.0529683042            3.25E-14         1.00E-13
    1.25        1.0443605167            3.40E-14         1.00E-13
    1.26        1.0357779530            3.35E-14         1.00E-13
    1.27        1.0272218665            3.47E-14         1.00E-13
    1.28        1.0186934915            3.62E-14         1.00E-13
    1.29        1.0101940413            3.76E-14         1.00E-13
    1.30        1.0017247058            4.48E-14         1.00E-13
    1.31        0.9932866497            4.29E-14         1.00E-13
    1.32        0.9848810113            7.11E-14         1.00E-13
    1.33        0.9765089007            5.03E-14         1.00E-13
    1.34        0.9681713989            3.05E-14         1.00E-13
    1.35        0.9598695570            5.54E-14         1.00E-13
    1.36        0.9516043948            3.14E-14         1.00E-13
    1.37        0.9433769007            4.49E-14         1.00E-13
    1.38        0.9351880311            3.02E-14         1.00E-13
    1.39        0.9270387095            4.06E-14         1.00E-13
    1.40        0.9189298270            3.07E-14         1.00E-13
    1.41        0.9108622413            3.02E-14         1.00E-13
    1.42        0.9028367773            3.04E-14         1.00E-13
    1.43        0.8948542268            3.07E-14         1.00E-13
    1.44        0.8869153483            3.05E-14         1.00E-13
    1.45        0.8790208678            3.01E-14         1.00E-13
    1.46        0.8711714783            3.20E-14         1.00E-13
    1.47        0.8633678408            3.07E-14         1.00E-13
    1.48        0.8556105840            2.99E-14         1.00E-13
    1.49        0.8479003049            3.19E-14         1.00E-13
    1.50        0.8402375693            3.60E-14         1.00E-13
    1.51        0.8326229121            3.58E-14         1.00E-13
    1.52        0.8250568381            2.95E-14         1.00E-13
    1.53        0.8175398218            3.80E-14         1.00E-13
    1.54        0.8100723088            5.24E-14         1.00E-13
    1.55        0.8026547159            4.98E-14         1.00E-13
    1.56        0.7952874314            2.96E-14         1.00E-13
    1.57        0.7879708164            6.00E-14         1.00E-13
    1.58        0.7807052048            7.44E-14         1.00E-13
    1.59        0.7734909042            7.96E-14         1.00E-13
    1.60        0.7663281964            2.89E-14         1.00E-13
    1.61        0.7592173380            7.35E-14         1.00E-13
    1.62        0.7521585613            7.96E-14         1.00E-13
    1.63        0.7451520744            7.49E-14         1.00E-13
    1.64        0.7381980626            3.61E-14         1.00E-13
    1.65        0.7312966881            7.77E-14         1.00E-13
    1.66        0.7244480916            7.33E-14         1.00E-13
    1.67        0.7176523922            7.31E-14         1.00E-13
    1.68        0.7109096882            7.58E-14         1.00E-13
    1.69        0.7042200579            7.15E-14         1.00E-13
    1.70        0.6975835602            7.20E-14         1.00E-13
    1.71        0.6910002351            7.36E-14         1.00E-13
    1.72        0.6844701041            7.04E-14         1.00E-13
    1.73        0.6779931712            7.28E-14         1.00E-13
    1.74        0.6715694234            7.35E-14         1.00E-13
    1.75        0.6651988308            6.86E-14         1.00E-13
    1.76        0.6588813480            7.17E-14         1.00E-13
    1.77        0.6526169138            7.27E-14         1.00E-13
    1.78        0.6464054525            6.75E-14         1.00E-13
    1.79        0.6402468737            7.00E-14         1.00E-13
    1.80        0.6341410734            7.13E-14         1.00E-13
    1.81        0.6280879344            6.89E-14         1.00E-13
    1.82        0.6220873266            6.93E-14         1.00E-13
    1.83        0.6161391077            6.74E-14         1.00E-13
    1.84        0.6102431236            6.74E-14         1.00E-13
    1.85        0.6043992088            7.05E-14         1.00E-13
    1.86        0.5986071869            6.63E-14         1.00E-13
    1.87        0.5928668714            6.47E-14         1.00E-13
    1.88        0.5871780654            7.02E-14         1.00E-13
    1.89        0.5815405629            6.75E-14         1.00E-13
    1.90        0.5759541485            6.15E-14         1.00E-13
    1.91        0.5704185981            6.74E-14         1.00E-13
    1.92        0.5649336795            6.81E-14         1.00E-13
    1.93        0.5594991523            6.32E-14         1.00E-13
    1.94        0.5541147688            6.48E-14         1.00E-13
    1.95        0.5487802740            6.65E-14         1.00E-13
    1.96        0.5434954062            6.60E-14         1.00E-13
    1.97        0.5382598969            6.39E-14         1.00E-13
    1.98        0.5330734720            6.49E-14         1.00E-13
    1.99        0.5279358510            6.67E-14         1.00E-13
    2.00        0.5228467485            6.55E-14         1.00E-13
    2.01        0.5178058734            6.17E-14         1.00E-13
    2.02        0.5128129300            6.65E-14         1.00E-13
    2.03        0.5078676180            7.08E-14         1.00E-13
    2.04        0.5029696327            6.53E-14         1.00E-13
    2.05        0.4981186655            6.86E-14         1.00E-13
    2.06        0.4933144037            6.89E-14         1.00E-13
    2.07        0.4885565316            6.30E-14         1.00E-13
    2.08        0.4838447298            7.11E-14         1.00E-13
    2.09        0.4791786760            9.17E-14         1.00E-13
    2.10        0.4745580452            6.43E-14         1.00E-13
    2.11        0.4699825096            5.99E-14         1.00E-13
    2.12        0.4654517394            9.92E-14         1.00E-13
    2.13        0.4609654022            6.86E-14         1.00E-13
    2.14        0.4565231641            6.13E-14         1.00E-13
    2.15        0.4521246891            6.19E-14         1.00E-13
    2.16        0.4477696398            9.79E-15         1.00E-14
    2.17        0.4434576775            9.84E-15         1.00E-14
    2.18        0.4391884621            6.29E-14         1.00E-13
    2.19        0.4349616526            6.77E-14         1.00E-13
    2.20        0.4307769071            9.99E-15         1.00E-14
    2.21        0.4266338828            9.98E-15         1.00E-14
    2.22        0.4225322368            9.78E-15         1.00E-14
    2.23        0.4184716252            9.64E-15         1.00E-14
    2.24        0.4144517043            6.04E-14         1.00E-13
    2.25        0.4104721300            9.49E-15         1.00E-14
    2.26        0.4065325582            6.60E-14         1.00E-13
    2.27        0.4026326451            9.87E-15         1.00E-14
    2.28        0.3987720468            9.46E-15         1.00E-14
    2.29        0.3949504200            9.83E-15         1.00E-14
    2.30        0.3911674218            9.74E-15         1.00E-14
    2.31        0.3874227098            8.57E-14         1.00E-13
    2.32        0.3837159423            9.32E-15         1.00E-14
    2.33        0.3800467784            9.13E-15         1.00E-14
    2.34        0.3764148780            9.09E-15         1.00E-14
    2.35        0.3728199019            1.00E-14         1.00E-14
    2.36        0.3692615120            9.02E-15         1.00E-14
    2.37        0.3657393712            9.21E-15         1.00E-14
    2.38        0.3622531437            8.99E-15         1.00E-14
    2.39        0.3588024950            9.48E-15         1.00E-14
    2.40        0.3553870916            9.32E-15         1.00E-14
    2.41        0.3520066018            9.37E-15         1.00E-14
    2.42        0.3486606952            9.64E-15         1.00E-14
    2.43        0.3453490428            8.77E-15         1.00E-14
    2.44        0.3420713172            5.37E-14         1.00E-13
    2.45        0.3388271929            9.05E-15         1.00E-14
    2.46        0.3356163457            8.62E-15         1.00E-14
    2.47        0.3324384534            8.96E-15         1.00E-14
    2.48        0.3292931955            9.00E-15         1.00E-14
    2.49        0.3261802533            9.02E-15         1.00E-14
    2.50        0.3230993099            8.91E-15         1.00E-14
    2.51        0.3200500504            9.04E-15         1.00E-14
    2.52        0.3170321619            8.75E-15         1.00E-14
    2.53        0.3140453333            8.54E-15         1.00E-14
    2.54        0.3110892557            8.48E-15         1.00E-14
    2.55        0.3081636219            8.85E-15         1.00E-14
    2.56        0.3052681272            8.79E-15         1.00E-14
    2.57        0.3024024688            8.22E-15         1.00E-14
    2.58        0.2995663458            9.01E-15         1.00E-14
    2.59        0.2967594598            8.58E-15         1.00E-14
    2.60        0.2939815144            8.89E-15         1.00E-14
    2.61        0.2912322153            9.01E-15         1.00E-14
    2.62        0.2885112705            8.21E-15         1.00E-14
    2.63        0.2858183901            9.40E-15         1.00E-14
    2.64        0.2831532867            8.62E-15         1.00E-14
    2.65        0.2805156747            9.32E-15         1.00E-14
    2.66        0.2779052712            8.19E-15         1.00E-14
    2.67        0.2753217953            8.17E-15         1.00E-14
    2.68        0.2727649685            8.03E-15         1.00E-14
    2.69        0.2702345144            9.65E-15         1.00E-14
    2.70        0.2677301590            8.07E-15         1.00E-14
    2.71        0.2652516306            8.00E-15         1.00E-14
    2.72        0.2627986599            8.86E-15         1.00E-14
    2.73        0.2603709796            8.10E-15         1.00E-14
    2.74        0.2579683250            9.96E-15         1.00E-14
    2.75        0.2555904336            7.95E-15         1.00E-14
    2.76        0.2532370451            8.08E-15         1.00E-14
    2.77        0.2509079017            7.91E-15         1.00E-14
    2.78        0.2486027478            9.86E-15         1.00E-14
    2.79        0.2463213299            8.49E-15         1.00E-14
    2.80        0.2440633972            8.27E-15         1.00E-14
    2.81        0.2418287009            9.92E-15         1.00E-14
    2.82        0.2396169946            8.29E-15         1.00E-14
    2.83        0.2374280341            8.30E-15         1.00E-14
    2.84        0.2352615776            9.99E-15         1.00E-14
    2.85        0.2331173854            8.44E-15         1.00E-14
    2.86        0.2309952203            9.55E-15         1.00E-14
    2.87        0.2288948471            8.41E-15         1.00E-14
    2.88        0.2268160331            7.86E-15         1.00E-14
    2.89        0.2247585475            9.81E-15         1.00E-14
    2.90        0.2227221622            9.60E-15         1.00E-14
    2.91        0.2207066509            9.94E-15         1.00E-14
    2.92        0.2187117898            9.78E-15         1.00E-14
    2.93        0.2167373570            9.59E-15         1.00E-14
    2.94        0.2147831330            9.34E-15         1.00E-14
    2.95        0.2128489006            9.53E-15         1.00E-14
    2.96        0.2109344445            9.64E-15         1.00E-14
    2.97        0.2090395516            9.69E-15         1.00E-14
    2.98        0.2071640111            8.37E-15         1.00E-14
    2.99        0.2053076142            9.51E-15         1.00E-14
    3.00        0.2034701543            9.35E-15         1.00E-14
    3.01        0.2016514268            9.57E-15         1.00E-14
    3.02        0.1998512292            9.51E-15         1.00E-14
    3.03        0.1980693613            9.54E-15         1.00E-14
    3.04        0.1963056246            9.40E-15         1.00E-14
    3.05        0.1945598230            9.36E-15         1.00E-14
    3.06        0.1928317621            9.52E-15         1.00E-14
    3.07        0.1911212498            9.48E-15         1.00E-14
    3.08        0.1894280959            9.45E-15         1.00E-14
    3.09        0.1877521121            9.24E-15         1.00E-14
    3.10        0.1860931123            9.34E-15         1.00E-14
    3.11        0.1844509121            9.41E-15         1.00E-14
    3.12        0.1828253293            9.25E-15         1.00E-14
    3.13        0.1812161834            9.36E-15         1.00E-14
    3.14        0.1796232959            9.23E-15         1.00E-14
    3.15        0.1780464903            9.33E-15         1.00E-14
    3.16        0.1764855919            9.22E-15         1.00E-14
    3.17        0.1749404278            9.47E-15         1.00E-14
    3.18        0.1734108270            9.07E-15         1.00E-14
    3.19        0.1718966205            9.05E-15         1.00E-14
    3.20        0.1703976409            9.22E-15         1.00E-14
    3.21        0.1689137227            9.30E-15         1.00E-14
    3.22        0.1674447022            9.06E-15         1.00E-14
    3.23        0.1659904174            9.28E-15         1.00E-14
    3.24        0.1645507081            8.99E-15         1.00E-14
    3.25        0.1631254160            8.76E-15         1.00E-14
    3.26        0.1617143843            9.09E-15         1.00E-14
    3.27        0.1603174579            9.14E-15         1.00E-14
    3.28        0.1589344836            8.97E-15         1.00E-14
    3.29        0.1575653098            9.05E-15         1.00E-14
    3.30        0.1562097865            8.89E-15         1.00E-14
    3.31        0.1548677653            8.94E-15         1.00E-14
    3.32        0.1535390996            8.95E-15         1.00E-14
    3.33        0.1522236444            9.20E-15         1.00E-14
    3.34        0.1509212561            9.08E-15         1.00E-14
    3.35        0.1496317929            8.92E-15         1.00E-14
    3.36        0.1483551145            8.62E-15         1.00E-14
    3.37        0.1470910821            8.73E-15         1.00E-14
    3.38        0.1458395585            8.85E-15         1.00E-14
    3.39        0.1446004080            8.66E-15         1.00E-14
    3.40        0.1433734965            8.58E-15         1.00E-14
    3.41        0.1421586913            8.76E-15         1.00E-14
    3.42        0.1409558611            8.88E-15         1.00E-14
    3.43        0.1397648763            8.90E-15         1.00E-14
    3.44        0.1385856085            8.86E-15         1.00E-14
    3.45        0.1374179308            8.85E-15         1.00E-14
    3.46        0.1362617179            8.76E-15         1.00E-14
    3.47        0.1351168457            8.38E-15         1.00E-14
    3.48        0.1339831916            8.69E-15         1.00E-14
    3.49        0.1328606343            8.55E-15         1.00E-14
    3.50        0.1317490539            8.61E-15         1.00E-14
    3.51        0.1306483318            8.62E-15         1.00E-14
    3.52        0.1295583509            8.37E-15         1.00E-14
    3.53        0.1284789951            8.45E-15         1.00E-14
    3.54        0.1274101500            8.52E-15         1.00E-14
    3.55        0.1263517022            8.24E-15         1.00E-14
    3.56        0.1253035397            8.49E-15         1.00E-14
    3.57        0.1242655517            8.77E-15         1.00E-14
    3.58        0.1232376287            8.31E-15         1.00E-14
    3.59        0.1222196623            8.55E-15         1.00E-14
    3.60        0.1212115457            8.43E-15         1.00E-14
    3.61        0.1202131728            8.16E-15         1.00E-14
    3.62        0.1192244391            8.22E-15         1.00E-14
    3.63        0.1182452411            8.34E-15         1.00E-14
    3.64        0.1172754764            8.22E-15         1.00E-14
    3.65        0.1163150440            7.91E-15         1.00E-14
    3.66        0.1153638439            8.06E-15         1.00E-14
    3.67        0.1144217771            8.31E-15         1.00E-14
    3.68        0.1134887460            8.19E-15         1.00E-14
    3.69        0.1125646539            8.48E-15         1.00E-14
    3.70        0.1116494052            8.18E-15         1.00E-14
    3.71        0.1107429055            8.04E-15         1.00E-14
    3.72        0.1098450615            8.30E-15         1.00E-14
    3.73        0.1089557807            8.13E-15         1.00E-14
    3.74        0.1080749719            8.51E-15         1.00E-14
    3.75        0.1072025449            8.25E-15         1.00E-14
    3.76        0.1063384104            8.38E-15         1.00E-14
    3.77        0.1054824802            8.46E-15         1.00E-14
    3.78        0.1046346672            8.45E-15         1.00E-14
    3.79        0.1037948850            8.12E-15         1.00E-14
    3.80        0.1029630484            8.07E-15         1.00E-14
    3.81        0.1021390732            8.29E-15         1.00E-14
    3.82        0.1013228761            8.29E-15         1.00E-14
    3.83        0.1005143746            8.22E-15         1.00E-14
    3.84        0.0997134873            8.39E-15         1.00E-14
    3.85        0.0989201337            9.10E-15         1.00E-14
    3.86        0.0981342342            9.34E-15         1.00E-14
    3.87        0.0973557101            9.66E-15         1.00E-14
    3.88        0.0965844835            8.12E-15         1.00E-14
    3.89        0.0958204776            8.24E-15         1.00E-14
    3.90        0.0950636163            8.11E-15         1.00E-14
    3.91        0.0943138244            9.90E-15         1.00E-14
    3.92        0.0935710275            9.17E-15         1.00E-14
    3.93        0.0928351522            8.71E-15         1.00E-14
    3.94        0.0921061257            8.44E-15         1.00E-14
    3.95        0.0913838762            9.94E-15         1.00E-14
    3.96        0.0906683328            8.38E-15         1.00E-14
    3.97        0.0899594251            8.58E-15         1.00E-14
    3.98        0.0892570837            7.86E-15         1.00E-14
    3.99        0.0885612400            7.89E-15         1.00E-14
    4.00        0.0878718261            8.54E-15         1.00E-14
    4.01        0.0871887749            9.65E-15         1.00E-14
    4.02        0.0865120200            8.10E-15         1.00E-14
    4.03        0.0858414959            8.39E-15         1.00E-14
    4.04        0.0851771376            9.70E-15         1.00E-14
    4.05        0.0845188811            8.77E-15         1.00E-14
    4.06        0.0838666630            8.91E-15         1.00E-14
    4.07        0.0832204205            9.81E-15         1.00E-14
    4.08        0.0825800917            8.33E-15         1.00E-14
    4.09        0.0819456153            7.96E-15         1.00E-14
    4.10        0.0813169307            7.71E-15         1.00E-14
    4.11        0.0806939780            7.82E-15         1.00E-14
    4.12        0.0800766979            8.63E-15         1.00E-14
    4.13        0.0794650320            9.81E-15         1.00E-14
    4.14        0.0788589222            9.18E-15         1.00E-14
    4.15        0.0782583113            8.43E-15         1.00E-14
    4.16        0.0776631427            7.95E-15         1.00E-14
    4.17        0.0770733605            9.26E-15         1.00E-14
    4.18        0.0764889092            7.88E-15         1.00E-14
    4.19        0.0759097341            7.88E-15         1.00E-14
    4.20        0.0753357811            9.98E-15         1.00E-14
    4.21        0.0747669968            8.14E-15         1.00E-14
    4.22        0.0742033281            8.03E-15         1.00E-14
    4.23        0.0736447228            7.98E-15         1.00E-14
    4.24        0.0730911291            8.29E-15         1.00E-14
    4.25        0.0725424959            7.72E-15         1.00E-14
    4.26        0.0719987726            9.45E-15         1.00E-14
    4.27        0.0714599092            8.80E-15         1.00E-14
    4.28        0.0709258562            8.71E-15         1.00E-14
    4.29        0.0703965646            7.98E-15         1.00E-14
    4.30        0.0698719862            8.22E-15         1.00E-14
    4.31        0.0693520731            9.75E-15         1.00E-14
    4.32        0.0688367780            7.68E-15         1.00E-14
    4.33        0.0683260542            8.57E-15         1.00E-14
    4.34        0.0678198554            8.59E-15         1.00E-14
    4.35        0.0673181358            7.49E-15         1.00E-14
    4.36        0.0668208502            7.79E-15         1.00E-14
    4.37        0.0663279540            8.02E-15         1.00E-14
    4.38        0.0658394029            8.43E-15         1.00E-14
    4.39        0.0653551531            7.92E-15         1.00E-14
    4.40        0.0648751615            8.22E-15         1.00E-14
    4.41        0.0643993851            7.74E-15         1.00E-14
    4.42        0.0639277818            9.17E-15         1.00E-14
    4.43        0.0634603097            9.02E-15         1.00E-14
    4.44        0.0629969274            8.39E-15         1.00E-14
    4.45        0.0625375940            7.74E-15         1.00E-14
    4.46        0.0620822691            8.47E-15         1.00E-14
    4.47        0.0616309126            9.54E-15         1.00E-14
    4.48        0.0611834849            7.71E-15         1.00E-14
    4.49        0.0607399470            7.74E-15         1.00E-14
    4.50        0.0603002601            7.87E-15         1.00E-14
    4.51        0.0598643859            9.17E-15         1.00E-14
    4.52        0.0594322866            9.73E-15         1.00E-14
    4.53        0.0590039246            7.51E-15         1.00E-14
    4.54        0.0585792631            8.69E-15         1.00E-14
    4.55        0.0581582653            8.40E-15         1.00E-14
    4.56        0.0577408950            7.87E-15         1.00E-14
    4.57        0.0573271164            8.60E-15         1.00E-14
    4.58        0.0569168941            7.89E-15         1.00E-14
    4.59        0.0565101929            8.57E-15         1.00E-14
    4.60        0.0561069782            8.91E-15         1.00E-14
    4.61        0.0557072158            7.24E-15         1.00E-14
    4.62        0.0553108716            9.72E-15         1.00E-14
    4.63        0.0549179122            9.49E-15         1.00E-14
    4.64        0.0545283044            7.97E-15         1.00E-14
    4.65        0.0541420153            9.81E-15         1.00E-14
    4.66        0.0537590125            9.83E-15         1.00E-14
    4.67        0.0533792638            9.21E-15         1.00E-14
    4.68        0.0530027375            7.28E-15         1.00E-14
    4.69        0.0526294022            7.87E-15         1.00E-14
    4.70        0.0522592268            7.32E-15         1.00E-14
    4.71        0.0518921805            7.69E-15         1.00E-14
    4.72        0.0515282329            7.64E-15         1.00E-14
    4.73        0.0511673540            7.40E-15         1.00E-14
    4.74        0.0508095139            8.59E-15         1.00E-14
    4.75        0.0504546833            8.31E-15         1.00E-14
    4.76        0.0501028330            8.55E-15         1.00E-14
    4.77        0.0497539342            8.77E-15         1.00E-14
    4.78        0.0494079584            8.08E-15         1.00E-14
    4.79        0.0490648774            7.17E-15         1.00E-14
    4.80        0.0487246634            7.57E-15         1.00E-14
    4.81        0.0483872886            7.43E-15         1.00E-14
    4.82        0.0480527259            9.94E-15         1.00E-14
    4.83        0.0477209483            9.17E-15         1.00E-14
    4.84        0.0473919289            7.05E-15         1.00E-14
    4.85        0.0470656415            7.93E-15         1.00E-14
    4.86        0.0467420597            7.21E-15         1.00E-14
    4.87        0.0464211579            7.94E-15         1.00E-14
    4.88        0.0461029104            7.55E-15         1.00E-14
    4.89        0.0457872918            7.75E-15         1.00E-14
    4.90        0.0454742771            7.95E-15         1.00E-14
    4.91        0.0451638416            7.69E-15         1.00E-14
    4.92        0.0448559606            8.61E-15         1.00E-14
    4.93        0.0445506101            7.56E-15         1.00E-14
    4.94        0.0442477659            9.33E-15         1.00E-14
    4.95        0.0439474042            8.54E-15         1.00E-14
    4.96        0.0436495017            7.67E-15         1.00E-14
    4.97        0.0433540351            6.92E-15         1.00E-14
    4.98        0.0430609813            7.20E-15         1.00E-14
    4.99        0.0427703176            7.80E-15         1.00E-14
    5.00        0.0424820215            7.36E-15         1.00E-14
    5.01        0.0421960707            9.18E-15         1.00E-14
    5.02        0.0419124431            7.14E-15         1.00E-14
    5.03        0.0416311170            7.33E-15         1.00E-14
    5.04        0.0413520707            7.57E-15         1.00E-14
    5.05        0.0410752829            7.49E-15         1.00E-14
    5.06        0.0408007325            7.44E-15         1.00E-14
    5.07        0.0405283985            7.75E-15         1.00E-14
    5.08        0.0402582602            9.20E-15         1.00E-14
    5.09        0.0399902972            8.28E-15         1.00E-14
    5.10        0.0397244892            7.63E-15         1.00E-14
    5.11        0.0394608161            8.46E-15         1.00E-14
    5.12        0.0391992581            7.11E-15         1.00E-14
    5.13        0.0389397956            9.39E-15         1.00E-14
    5.14        0.0386824091            7.29E-15         1.00E-14
    5.15        0.0384270794            7.17E-15         1.00E-14
    5.16        0.0381737874            7.12E-15         1.00E-14
    5.17        0.0379225144            7.09E-15         1.00E-14
    5.18        0.0376732417            7.18E-15         1.00E-14
    5.19        0.0374259508            6.85E-15         1.00E-14
    5.20        0.0371806235            7.40E-15         1.00E-14
    5.21        0.0369372417            6.80E-15         1.00E-14
    5.22        0.0366957876            8.00E-15         1.00E-14
    5.23        0.0364562434            8.21E-15         1.00E-14
    5.24        0.0362185916            8.98E-15         1.00E-14
    5.25        0.0359828150            7.35E-15         1.00E-14
    5.26        0.0357488963            9.85E-15         1.00E-14
    5.27        0.0355168186            8.02E-15         1.00E-14
    5.28        0.0352865650            6.80E-15         1.00E-14
    5.29        0.0350581190            8.49E-15         1.00E-14
    5.30        0.0348314640            7.07E-15         1.00E-14
    5.31        0.0346065838            8.59E-15         1.00E-14
    5.32        0.0343834623            8.44E-15         1.00E-14
    5.33        0.0341620835            7.55E-15         1.00E-14
    5.34        0.0339424316            9.75E-15         1.00E-14
    5.35        0.0337244909            6.95E-15         1.00E-14
    5.36        0.0335082461            6.81E-15         1.00E-14
    5.37        0.0332936817            8.18E-15         1.00E-14
    5.38        0.0330807826            6.84E-15         1.00E-14
    5.39        0.0328695337            7.17E-15         1.00E-14
    5.40        0.0326599204            9.08E-15         1.00E-14
    5.41        0.0324519277            6.78E-15         1.00E-14
    5.42        0.0322455412            7.40E-15         1.00E-14
    5.43        0.0320407465            7.06E-15         1.00E-14
    5.44        0.0318375292            9.31E-15         1.00E-14
    5.45        0.0316358754            7.78E-15         1.00E-14
    5.46        0.0314357709            6.83E-15         1.00E-14
    5.47        0.0312372019            9.00E-15         1.00E-14
    5.48        0.0310401548            7.79E-15         1.00E-14
    5.49        0.0308446161            8.75E-15         1.00E-14
    5.50        0.0306505721            8.38E-15         1.00E-14
    5.51        0.0304580098            7.79E-15         1.00E-14
    5.52        0.0302669159            7.27E-15         1.00E-14
    5.53        0.0300772773            9.18E-15         1.00E-14
    5.54        0.0298890813            7.14E-15         1.00E-14
    5.55        0.0297023150            8.61E-15         1.00E-14
    5.56        0.0295169658            9.59E-15         1.00E-14
    5.57        0.0293330212            6.97E-15         1.00E-14
    5.58        0.0291504688            6.76E-15         1.00E-14
    5.59        0.0289692963            9.21E-15         1.00E-14
    5.60        0.0287894916            8.54E-15         1.00E-14
    5.61        0.0286110426            6.67E-15         1.00E-14
    5.62        0.0284339375            8.01E-15         1.00E-14
    5.63        0.0282581645            7.27E-15         1.00E-14
    5.64        0.0280837120            6.77E-15         1.00E-14
    5.65        0.0279105682            6.96E-15         1.00E-14
    5.66        0.0277387219            7.43E-15         1.00E-14
    5.67        0.0275681617            6.86E-15         1.00E-14
    5.68        0.0273988764            9.73E-15         1.00E-14
    5.69        0.0272308548            7.83E-15         1.00E-14
    5.70        0.0270640861            7.52E-15         1.00E-14
    5.71        0.0268985592            6.86E-15         1.00E-14
    5.72        0.0267342635            8.24E-15         1.00E-14
    5.73        0.0265711882            8.00E-15         1.00E-14
    5.74        0.0264093227            6.89E-15         1.00E-14
    5.75        0.0262486567            8.39E-15         1.00E-14
    5.76        0.0260891798            8.56E-15         1.00E-14
    5.77        0.0259308816            6.98E-15         1.00E-14
    5.78        0.0257737521            8.93E-15         1.00E-14
    5.79        0.0256177811            9.13E-15         1.00E-14
    5.80        0.0254629587            6.86E-15         1.00E-14
    5.81        0.0253092751            9.43E-15         1.00E-14
    5.82        0.0251567204            6.51E-15         1.00E-14
    5.83        0.0250052851            7.02E-15         1.00E-14
    5.84        0.0248549594            8.18E-15         1.00E-14
    5.85        0.0247057339            7.02E-15         1.00E-14
    5.86        0.0245575993            8.23E-15         1.00E-14
    5.87        0.0244105462            9.20E-15         1.00E-14
    5.88        0.0242645654            7.12E-15         1.00E-14
    5.89        0.0241196477            8.47E-15         1.00E-14
    5.90        0.0239757842            8.78E-15         1.00E-14
    5.91        0.0238329658            6.86E-15         1.00E-14
    5.92        0.0236911838            7.37E-15         1.00E-14
    5.93        0.0235504292            9.10E-15         1.00E-14
    5.94        0.0234106936            6.38E-15         1.00E-14
    5.95        0.0232719681            7.19E-15         1.00E-14
    5.96        0.0231342443            8.62E-15         1.00E-14
    5.97        0.0229975138            7.22E-15         1.00E-14
    5.98        0.0228617681            6.32E-15         1.00E-14
    5.99        0.0227269990            7.63E-15         1.00E-14
    6.00        0.0225931982            7.58E-15         1.00E-14
    6.01        0.0224603577            7.10E-15         1.00E-14
    6.02        0.0223284694            7.34E-15         1.00E-14
    6.03        0.0221975253            7.58E-15         1.00E-14
    6.04        0.0220675175            7.51E-15         1.00E-14
    6.05        0.0219384382            1.00E-14         1.00E-14
    6.06        0.0218102796            7.52E-15         1.00E-14
    6.07        0.0216830341            7.54E-15         1.00E-14
    6.08        0.0215566940            7.52E-15         1.00E-14
    6.09        0.0214312518            6.55E-15         1.00E-14
    6.10        0.0213067001            7.65E-15         1.00E-14
    6.11        0.0211830314            7.54E-15         1.00E-14
    6.12        0.0210602384            7.55E-15         1.00E-14
    6.13        0.0209383139            6.38E-15         1.00E-14
    6.14        0.0208172507            7.38E-15         1.00E-14
    6.15        0.0206970417            7.54E-15         1.00E-14
    6.16        0.0205776798            7.58E-15         1.00E-14
    6.17        0.0204591580            7.07E-15         1.00E-14
    6.18        0.0203414695            7.25E-15         1.00E-14
    6.19        0.0202246073            7.60E-15         1.00E-14
    6.20        0.0201085646            7.39E-15         1.00E-14
    6.21        0.0199933349            9.80E-15         1.00E-14
    6.22        0.0198789112            7.58E-15         1.00E-14
    6.23        0.0197652872            7.39E-15         1.00E-14
    6.24        0.0196524562            8.60E-15         1.00E-14
    6.25        0.0195404118            7.46E-15         1.00E-14
    6.26        0.0194291474            7.51E-15         1.00E-14
    6.27        0.0193186569            7.36E-15         1.00E-14
    6.28        0.0192089338            6.52E-15         1.00E-14
    6.29        0.0190999719            7.39E-15         1.00E-14
    6.30        0.0189917651            7.47E-15         1.00E-14
    6.31        0.0188843072            7.38E-15         1.00E-14
    6.32        0.0187775921            6.98E-15         1.00E-14
    6.33        0.0186716139            7.44E-15         1.00E-14
    6.34        0.0185663665            7.28E-15         1.00E-14
    6.35        0.0184618441            7.31E-15         1.00E-14
    6.36        0.0183580407            7.33E-15         1.00E-14
    6.37        0.0182549507            7.30E-15         1.00E-14
    6.38        0.0181525683            7.50E-15         1.00E-14
    6.39        0.0180508877            7.23E-15         1.00E-14
    6.40        0.0179499033            7.56E-15         1.00E-14
    6.41        0.0178496096            7.45E-15         1.00E-14
    6.42        0.0177500010            7.43E-15         1.00E-14
    6.43        0.0176510720            7.42E-15         1.00E-14
    6.44        0.0175528172            7.19E-15         1.00E-14
    6.45        0.0174552312            7.23E-15         1.00E-14
    6.46        0.0173583086            7.50E-15         1.00E-14
    6.47        0.0172620442            6.22E-15         1.00E-14
    6.48        0.0171664327            7.34E-15         1.00E-14
    6.49        0.0170714690            7.24E-15         1.00E-14
    6.50        0.0169771479            7.40E-15         1.00E-14
    6.51        0.0168834642            7.40E-15         1.00E-14
    6.52        0.0167904129            7.35E-15         1.00E-14
    6.53        0.0166979891            7.19E-15         1.00E-14
    6.54        0.0166061878            7.28E-15         1.00E-14
    6.55        0.0165150039            7.27E-15         1.00E-14
    6.56        0.0164244328            7.51E-15         1.00E-14
    6.57        0.0163344694            7.40E-15         1.00E-14
    6.58        0.0162451092            7.26E-15         1.00E-14
    6.59        0.0161563472            7.10E-15         1.00E-14
    6.60        0.0160681788            7.28E-15         1.00E-14
    6.61        0.0159805994            7.36E-15         1.00E-14
    6.62        0.0158936042            6.99E-15         1.00E-14
    6.63        0.0158071889            7.24E-15         1.00E-14
    6.64        0.0157213487            7.37E-15         1.00E-14
    6.65        0.0156360793            7.28E-15         1.00E-14
    6.66        0.0155513761            7.08E-15         1.00E-14
    6.67        0.0154672347            7.19E-15         1.00E-14
    6.68        0.0153836508            7.33E-15         1.00E-14
    6.69        0.0153006201            7.36E-15         1.00E-14
    6.70        0.0152181382            7.20E-15         1.00E-14
    6.71        0.0151362008            7.13E-15         1.00E-14
    6.72        0.0150548038            7.42E-15         1.00E-14
    6.73        0.0149739430            7.17E-15         1.00E-14
    6.74        0.0148936142            7.16E-15         1.00E-14
    6.75        0.0148138132            7.27E-15         1.00E-14
    6.76        0.0147345361            7.33E-15         1.00E-14
    6.77        0.0146557788            7.14E-15         1.00E-14
    6.78        0.0145775373            7.26E-15         1.00E-14
    6.79        0.0144998075            7.15E-15         1.00E-14
    6.80        0.0144225857            7.15E-15         1.00E-14
    6.81        0.0143458678            7.25E-15         1.00E-14
    6.82        0.0142696500            7.15E-15         1.00E-14
    6.83        0.0141939286            7.14E-15         1.00E-14
    6.84        0.0141186995            7.16E-15         1.00E-14
    6.85        0.0140439593            7.14E-15         1.00E-14
    6.86        0.0139697039            7.20E-15         1.00E-14
    6.87        0.0138959299            7.28E-15         1.00E-14
    6.88        0.0138226335            6.93E-15         1.00E-14
    6.89        0.0137498111            6.90E-15         1.00E-14
    6.90        0.0136774590            7.15E-15         1.00E-14
    6.91        0.0136055737            7.13E-15         1.00E-14
    6.92        0.0135341518            7.19E-15         1.00E-14
    6.93        0.0134631895            7.18E-15         1.00E-14
    6.94        0.0133926835            7.20E-15         1.00E-14
    6.95        0.0133226304            7.05E-15         1.00E-14
    6.96        0.0132530266            7.02E-15         1.00E-14
    6.97        0.0131838689            7.13E-15         1.00E-14
    6.98        0.0131151538            7.26E-15         1.00E-14
    6.99        0.0130468780            7.00E-15         1.00E-14
    7.00        0.0129790382            7.09E-15         1.00E-14
    7.01        0.0129116311            7.13E-15         1.00E-14
    7.02        0.0128446536            7.20E-15         1.00E-14
    7.03        0.0127781023            7.11E-15         1.00E-14
    7.04        0.0127119740            7.09E-15         1.00E-14
    7.05        0.0126462657            7.12E-15         1.00E-14
    7.06        0.0125809742            7.07E-15         1.00E-14
    7.07        0.0125160963            6.91E-15         1.00E-14
    7.08        0.0124516289            7.07E-15         1.00E-14
    7.09        0.0123875691            7.15E-15         1.00E-14
    7.10        0.0123239138            7.16E-15         1.00E-14
    7.11        0.0122606599            6.85E-15         1.00E-14
    7.12        0.0121978046            7.04E-15         1.00E-14
    7.13        0.0121353448            7.28E-15         1.00E-14
    7.14        0.0120732776            7.14E-15         1.00E-14
    7.15        0.0120116001            6.90E-15         1.00E-14
    7.16        0.0119503094            7.20E-15         1.00E-14
    7.17        0.0118894026            7.15E-15         1.00E-14
    7.18        0.0118288771            7.07E-15         1.00E-14
    7.19        0.0117687298            7.05E-15         1.00E-14
    7.20        0.0117089581            7.08E-15         1.00E-14
    7.21        0.0116495591            7.28E-15         1.00E-14
    7.22        0.0115905302            7.08E-15         1.00E-14
    7.23        0.0115318686            6.96E-15         1.00E-14
    7.24        0.0114735717            7.22E-15         1.00E-14
    7.25        0.0114156367            7.13E-15         1.00E-14
    7.26        0.0113580610            6.91E-15         1.00E-14
    7.27        0.0113008420            7.01E-15         1.00E-14
    7.28        0.0112439771            7.24E-15         1.00E-14
    7.29        0.0111874637            7.19E-15         1.00E-14
    7.30        0.0111312993            6.74E-15         1.00E-14
    7.31        0.0110754812            7.01E-15         1.00E-14
    7.32        0.0110200071            7.32E-15         1.00E-14
    7.33        0.0109648743            6.94E-15         1.00E-14
    7.34        0.0109100804            6.80E-15         1.00E-14
    7.35        0.0108556230            7.04E-15         1.00E-14
    7.36        0.0108014996            7.22E-15         1.00E-14
    7.37        0.0107477078            7.01E-15         1.00E-14
    7.38        0.0106942453            6.91E-15         1.00E-14
    7.39        0.0106411096            7.09E-15         1.00E-14
    7.40        0.0105882983            7.20E-15         1.00E-14
    7.41        0.0105358092            6.94E-15         1.00E-14
    7.42        0.0104836400            6.96E-15         1.00E-14
    7.43        0.0104317882            7.14E-15         1.00E-14
    7.44        0.0103802517            7.14E-15         1.00E-14
    7.45        0.0103290283            6.97E-15         1.00E-14
    7.46        0.0102781155            7.10E-15         1.00E-14
    7.47        0.0102275113            7.28E-15         1.00E-14
    7.48        0.0101772134            7.21E-15         1.00E-14
    7.49        0.0101272197            7.17E-15         1.00E-14
    7.50        0.0100775279            7.68E-15         1.00E-14
    7.51        0.0100281360            7.88E-15         1.00E-14
    7.52        0.0099790417            8.09E-15         1.00E-14
    7.53        0.0099302430            8.15E-15         1.00E-14
    7.54        0.0098817377            8.60E-15         1.00E-14
    7.55        0.0098335239            8.95E-15         1.00E-14
    7.56        0.0097855994            8.96E-15         1.00E-14
    7.57        0.0097379621            9.21E-15         1.00E-14
    7.58        0.0096906101            9.53E-15         1.00E-14
    7.59        0.0096435413            9.57E-15         1.00E-14
    7.60        0.0095967537            9.95E-15         1.00E-14
    7.61        0.0095502454            9.89E-15         1.00E-14
    7.62        0.0095040143            9.80E-15         1.00E-14
    7.63        0.0094580586            9.62E-15         1.00E-14
    7.64        0.0094123763            9.48E-15         1.00E-14
    7.65        0.0093669655            9.12E-15         1.00E-14
    7.66        0.0093218242            8.66E-15         1.00E-14
    7.67        0.0092769506            8.01E-15         1.00E-14
    7.68        0.0092323428            7.50E-15         1.00E-14
    7.69        0.0091879989            7.18E-15         1.00E-14
    7.70        0.0091439172            7.28E-15         1.00E-14
    7.71        0.0091000957            7.99E-15         1.00E-14
    7.72        0.0090565327            9.73E-15         1.00E-14
    7.73        0.0090132264            7.72E-15         1.00E-14
    7.74        0.0089701749            8.23E-15         1.00E-14
    7.75        0.0089273765            8.71E-15         1.00E-14
    7.76        0.0088848295            9.42E-15         1.00E-14
    7.77        0.0088425321            9.52E-15         1.00E-14
    7.78        0.0088004826            9.59E-15         1.00E-14
    7.79        0.0087586792            9.75E-15         1.00E-14
    7.80        0.0087171203            9.72E-15         1.00E-14
    7.81        0.0086758041            9.14E-15         1.00E-14
    7.82        0.0086347291            8.71E-15         1.00E-14
    7.83        0.0085938935            8.63E-15         1.00E-14
    7.84        0.0085532957            8.31E-15         1.00E-14
    7.85        0.0085129340            7.80E-15         1.00E-14
    7.86        0.0084728068            8.41E-15         1.00E-14
    7.87        0.0084329126            9.64E-15         1.00E-14
    7.88        0.0083932497            7.56E-15         1.00E-14
    7.89        0.0083538165            7.93E-15         1.00E-14
    7.90        0.0083146115            7.90E-15         1.00E-14
    7.91        0.0082756332            7.74E-15         1.00E-14
    7.92        0.0082368798            7.42E-15         1.00E-14
    7.93        0.0081983500            6.94E-15         1.00E-14
    7.94        0.0081600422            8.41E-15         1.00E-14
    7.95        0.0081219549            9.15E-15         1.00E-14
    7.96        0.0080840865            9.59E-15         1.00E-14
    7.97        0.0080464357            6.96E-15         1.00E-14
    7.98        0.0080090009            7.53E-15         1.00E-14
    7.99        0.0079717806            9.11E-15         1.00E-14
    8.00        0.0079347735            9.82E-15         1.00E-14
#
# ###############################################################################
#
# ###############################################################################
# 
#   CPU time elapsed =         1.89 s ::       0.03 m ::        0.00 h
